<?xml version="1.0" encoding="UTF-8"?>
<testsuite name="com.positive.culture.seoulQuest.seoulQuest.repository.TourRepositoryTests" tests="1" skipped="0" failures="0" errors="0" timestamp="2024-11-23T13:26:20" hostname="DESKTOP-7VCJ376" time="3.868">
  <properties/>
  <testcase name="testInsertMultipleTourDates()" classname="com.positive.culture.seoulQuest.seoulQuest.repository.TourRepositoryTests" time="3.868"/>
  <system-out><![CDATA[22:26:08.286 [Test worker] INFO org.springframework.test.context.support.AnnotationConfigContextLoaderUtils -- Could not detect default configuration classes for test class [com.positive.culture.seoulQuest.seoulQuest.repository.TourRepositoryTests]: TourRepositoryTests does not declare any static, non-private, non-final, nested classes annotated with @Configuration.
22:26:08.498 [Test worker] INFO org.springframework.boot.test.context.SpringBootTestContextBootstrapper -- Found @SpringBootConfiguration com.positive.culture.seoulQuest.SeoulQuestApplication for test class com.positive.culture.seoulQuest.seoulQuest.repository.TourRepositoryTests

  .   ____          _            __ _ _
 /\\ / ___'_ __ _ _(_)_ __  __ _ \ \ \ \
( ( )\___ | '_ | '_| | '_ \/ _` | \ \ \ \
 \\/  ___)| |_)| | | | | || (_| |  ) ) ) )
  '  |____| .__|_| |_|_| |_\__, | / / / /
 =========|_|==============|___/=/_/_/_/

 :: Spring Boot ::                (v3.3.4)

2024-11-23T22:26:09.131+09:00  INFO 18408 --- [seoulQuest] [    Test worker] c.p.c.s.s.r.TourRepositoryTests          : Starting TourRepositoryTests using Java 17.0.11 with PID 18408 (started by SAMSUNG in C:\hyeri\seoulQuest_Backup\1123\seoulQuestBackend_1120)
2024-11-23T22:26:09.133+09:00  INFO 18408 --- [seoulQuest] [    Test worker] c.p.c.s.s.r.TourRepositoryTests          : No active profile set, falling back to 1 default profile: "default"
2024-11-23T22:26:10.450+09:00  INFO 18408 --- [seoulQuest] [    Test worker] .s.d.r.c.RepositoryConfigurationDelegate : Bootstrapping Spring Data JPA repositories in DEFAULT mode.
2024-11-23T22:26:10.730+09:00  INFO 18408 --- [seoulQuest] [    Test worker] .s.d.r.c.RepositoryConfigurationDelegate : Finished Spring Data repository scanning in 266 ms. Found 21 JPA repository interfaces.
2024-11-23T22:26:11.681+09:00  INFO 18408 --- [seoulQuest] [    Test worker] o.hibernate.jpa.internal.util.LogHelper  : HHH000204: Processing PersistenceUnitInfo [name: default]
2024-11-23T22:26:11.810+09:00  INFO 18408 --- [seoulQuest] [    Test worker] org.hibernate.Version                    : HHH000412: Hibernate ORM core version 6.5.3.Final
2024-11-23T22:26:11.885+09:00  INFO 18408 --- [seoulQuest] [    Test worker] o.h.c.internal.RegionFactoryInitiator    : HHH000026: Second-level cache disabled
2024-11-23T22:26:12.466+09:00  INFO 18408 --- [seoulQuest] [    Test worker] o.s.o.j.p.SpringPersistenceUnitInfo      : No LoadTimeWeaver setup: ignoring JPA class transformer
2024-11-23T22:26:12.519+09:00  INFO 18408 --- [seoulQuest] [    Test worker] com.zaxxer.hikari.HikariDataSource       : HikariPool-1 - Starting...
2024-11-23T22:26:12.918+09:00  INFO 18408 --- [seoulQuest] [    Test worker] com.zaxxer.hikari.pool.HikariPool        : HikariPool-1 - Added connection com.mysql.cj.jdbc.ConnectionImpl@66a8751a
2024-11-23T22:26:12.922+09:00  INFO 18408 --- [seoulQuest] [    Test worker] com.zaxxer.hikari.HikariDataSource       : HikariPool-1 - Start completed.
2024-11-23T22:26:15.559+09:00  INFO 18408 --- [seoulQuest] [    Test worker] o.h.e.t.j.p.i.JtaPlatformInitiator       : HHH000489: No JTA platform available (set 'hibernate.transaction.jta.platform' to enable JTA platform integration)
Hibernate: 
    alter table tbl_product 
       modify column pdesc TEXT
Hibernate: 
    alter table tbl_tours 
       modify column tdesc TEXT
2024-11-23T22:26:15.912+09:00  INFO 18408 --- [seoulQuest] [    Test worker] j.LocalContainerEntityManagerFactoryBean : Initialized JPA EntityManagerFactory for persistence unit 'default'
2024-11-23T22:26:16.359+09:00  INFO 18408 --- [seoulQuest] [    Test worker] o.s.d.j.r.query.QueryEnhancerFactory     : Hibernate is in classpath; If applicable, HQL parser will be used.
2024-11-23T22:26:18.111+09:00  INFO 18408 --- [seoulQuest] [    Test worker] c.p.c.seoulQuest.util.CustomFileUtil     : =======================================
2024-11-23T22:26:18.113+09:00  INFO 18408 --- [seoulQuest] [    Test worker] c.p.c.seoulQuest.util.CustomFileUtil     : C:\hyeri\seoulQuest_Backup\1123\seoulQuestBackend_1120\upload
2024-11-23T22:26:18.788+09:00  WARN 18408 --- [seoulQuest] [    Test worker] JpaBaseConfiguration$JpaWebConfiguration : spring.jpa.open-in-view is enabled by default. Therefore, database queries may be performed during view rendering. Explicitly configure spring.jpa.open-in-view to disable this warning
2024-11-23T22:26:18.845+09:00  INFO 18408 --- [seoulQuest] [    Test worker] r$InitializeUserDetailsManagerConfigurer : Global AuthenticationManager configured with UserDetailsService bean with name customUserDetailsService
2024-11-23T22:26:18.934+09:00  INFO 18408 --- [seoulQuest] [    Test worker] c.p.c.s.config.CustomSecurityConfig      : ----security config----
2024-11-23T22:26:19.393+09:00 DEBUG 18408 --- [seoulQuest] [    Test worker] o.s.s.web.DefaultSecurityFilterChain     : Will secure any request with filters: DisableEncodeUrlFilter, WebAsyncManagerIntegrationFilter, SecurityContextHolderFilter, HeaderWriterFilter, CorsFilter, LogoutFilter, JWTCheckFilter, UsernamePasswordAuthenticationFilter, RequestCacheAwareFilter, SecurityContextHolderAwareRequestFilter, AnonymousAuthenticationFilter, SessionManagementFilter, ExceptionTranslationFilter, AuthorizationFilter
2024-11-23T22:26:19.869+09:00  WARN 18408 --- [seoulQuest] [    Test worker] ion$DefaultTemplateResolverConfiguration : Cannot find template location: classpath:/templates/ (please add some templates, check your Thymeleaf configuration, or set spring.thymeleaf.check-template-location=false)
2024-11-23T22:26:20.136+09:00  INFO 18408 --- [seoulQuest] [    Test worker] c.p.c.s.s.r.TourRepositoryTests          : Started TourRepositoryTests in 11.355 seconds (process running for 13.195)
Hibernate: 
    select
        t1_0.tno,
        t1_0.category_no,
        t1_0.create_at,
        t1_0.del_flag,
        t1_0.like_count,
        t1_0.max_capacity,
        t1_0.taddress,
        t1_0.tdesc,
        t1_0.tlocation,
        t1_0.tname,
        til1_0.tour_tno,
        til1_0.category_name,
        til1_0.file_name,
        til1_0.ord,
        t1_0.tprice,
        t1_0.update_at 
    from
        tbl_tours t1_0 
    left join
        tour_tour_image_list til1_0 
            on t1_0.tno=til1_0.tour_tno 
    where
        t1_0.tno=?
Hibernate: 
    insert 
    into
        tbl_tour_date
        (available_capacity, tour_no, tour_date) 
    values
        (?, ?, ?)
Hibernate: 
    select
        t1_0.tno,
        t1_0.category_no,
        t1_0.create_at,
        t1_0.del_flag,
        t1_0.like_count,
        t1_0.max_capacity,
        t1_0.taddress,
        t1_0.tdesc,
        t1_0.tlocation,
        t1_0.tname,
        til1_0.tour_tno,
        til1_0.category_name,
        til1_0.file_name,
        til1_0.ord,
        t1_0.tprice,
        t1_0.update_at 
    from
        tbl_tours t1_0 
    left join
        tour_tour_image_list til1_0 
            on t1_0.tno=til1_0.tour_tno 
    where
        t1_0.tno=?
Hibernate: 
    insert 
    into
        tbl_tour_date
        (available_capacity, tour_no, tour_date) 
    values
        (?, ?, ?)
Hibernate: 
    select
        t1_0.tno,
        t1_0.category_no,
        t1_0.create_at,
        t1_0.del_flag,
        t1_0.like_count,
        t1_0.max_capacity,
        t1_0.taddress,
        t1_0.tdesc,
        t1_0.tlocation,
        t1_0.tname,
        til1_0.tour_tno,
        til1_0.category_name,
        til1_0.file_name,
        til1_0.ord,
        t1_0.tprice,
        t1_0.update_at 
    from
        tbl_tours t1_0 
    left join
        tour_tour_image_list til1_0 
            on t1_0.tno=til1_0.tour_tno 
    where
        t1_0.tno=?
Hibernate: 
    insert 
    into
        tbl_tour_date
        (available_capacity, tour_no, tour_date) 
    values
        (?, ?, ?)
Hibernate: 
    select
        t1_0.tno,
        t1_0.category_no,
        t1_0.create_at,
        t1_0.del_flag,
        t1_0.like_count,
        t1_0.max_capacity,
        t1_0.taddress,
        t1_0.tdesc,
        t1_0.tlocation,
        t1_0.tname,
        til1_0.tour_tno,
        til1_0.category_name,
        til1_0.file_name,
        til1_0.ord,
        t1_0.tprice,
        t1_0.update_at 
    from
        tbl_tours t1_0 
    left join
        tour_tour_image_list til1_0 
            on t1_0.tno=til1_0.tour_tno 
    where
        t1_0.tno=?
Hibernate: 
    insert 
    into
        tbl_tour_date
        (available_capacity, tour_no, tour_date) 
    values
        (?, ?, ?)
Hibernate: 
    select
        t1_0.tno,
        t1_0.category_no,
        t1_0.create_at,
        t1_0.del_flag,
        t1_0.like_count,
        t1_0.max_capacity,
        t1_0.taddress,
        t1_0.tdesc,
        t1_0.tlocation,
        t1_0.tname,
        til1_0.tour_tno,
        til1_0.category_name,
        til1_0.file_name,
        til1_0.ord,
        t1_0.tprice,
        t1_0.update_at 
    from
        tbl_tours t1_0 
    left join
        tour_tour_image_list til1_0 
            on t1_0.tno=til1_0.tour_tno 
    where
        t1_0.tno=?
Hibernate: 
    insert 
    into
        tbl_tour_date
        (available_capacity, tour_no, tour_date) 
    values
        (?, ?, ?)
Hibernate: 
    select
        t1_0.tno,
        t1_0.category_no,
        t1_0.create_at,
        t1_0.del_flag,
        t1_0.like_count,
        t1_0.max_capacity,
        t1_0.taddress,
        t1_0.tdesc,
        t1_0.tlocation,
        t1_0.tname,
        til1_0.tour_tno,
        til1_0.category_name,
        til1_0.file_name,
        til1_0.ord,
        t1_0.tprice,
        t1_0.update_at 
    from
        tbl_tours t1_0 
    left join
        tour_tour_image_list til1_0 
            on t1_0.tno=til1_0.tour_tno 
    where
        t1_0.tno=?
Hibernate: 
    insert 
    into
        tbl_tour_date
        (available_capacity, tour_no, tour_date) 
    values
        (?, ?, ?)
Hibernate: 
    select
        t1_0.tno,
        t1_0.category_no,
        t1_0.create_at,
        t1_0.del_flag,
        t1_0.like_count,
        t1_0.max_capacity,
        t1_0.taddress,
        t1_0.tdesc,
        t1_0.tlocation,
        t1_0.tname,
        til1_0.tour_tno,
        til1_0.category_name,
        til1_0.file_name,
        til1_0.ord,
        t1_0.tprice,
        t1_0.update_at 
    from
        tbl_tours t1_0 
    left join
        tour_tour_image_list til1_0 
            on t1_0.tno=til1_0.tour_tno 
    where
        t1_0.tno=?
Hibernate: 
    insert 
    into
        tbl_tour_date
        (available_capacity, tour_no, tour_date) 
    values
        (?, ?, ?)
Hibernate: 
    select
        t1_0.tno,
        t1_0.category_no,
        t1_0.create_at,
        t1_0.del_flag,
        t1_0.like_count,
        t1_0.max_capacity,
        t1_0.taddress,
        t1_0.tdesc,
        t1_0.tlocation,
        t1_0.tname,
        til1_0.tour_tno,
        til1_0.category_name,
        til1_0.file_name,
        til1_0.ord,
        t1_0.tprice,
        t1_0.update_at 
    from
        tbl_tours t1_0 
    left join
        tour_tour_image_list til1_0 
            on t1_0.tno=til1_0.tour_tno 
    where
        t1_0.tno=?
Hibernate: 
    insert 
    into
        tbl_tour_date
        (available_capacity, tour_no, tour_date) 
    values
        (?, ?, ?)
Hibernate: 
    select
        t1_0.tno,
        t1_0.category_no,
        t1_0.create_at,
        t1_0.del_flag,
        t1_0.like_count,
        t1_0.max_capacity,
        t1_0.taddress,
        t1_0.tdesc,
        t1_0.tlocation,
        t1_0.tname,
        til1_0.tour_tno,
        til1_0.category_name,
        til1_0.file_name,
        til1_0.ord,
        t1_0.tprice,
        t1_0.update_at 
    from
        tbl_tours t1_0 
    left join
        tour_tour_image_list til1_0 
            on t1_0.tno=til1_0.tour_tno 
    where
        t1_0.tno=?
Hibernate: 
    insert 
    into
        tbl_tour_date
        (available_capacity, tour_no, tour_date) 
    values
        (?, ?, ?)
Hibernate: 
    select
        t1_0.tno,
        t1_0.category_no,
        t1_0.create_at,
        t1_0.del_flag,
        t1_0.like_count,
        t1_0.max_capacity,
        t1_0.taddress,
        t1_0.tdesc,
        t1_0.tlocation,
        t1_0.tname,
        til1_0.tour_tno,
        til1_0.category_name,
        til1_0.file_name,
        til1_0.ord,
        t1_0.tprice,
        t1_0.update_at 
    from
        tbl_tours t1_0 
    left join
        tour_tour_image_list til1_0 
            on t1_0.tno=til1_0.tour_tno 
    where
        t1_0.tno=?
Hibernate: 
    insert 
    into
        tbl_tour_date
        (available_capacity, tour_no, tour_date) 
    values
        (?, ?, ?)
Hibernate: 
    select
        t1_0.tno,
        t1_0.category_no,
        t1_0.create_at,
        t1_0.del_flag,
        t1_0.like_count,
        t1_0.max_capacity,
        t1_0.taddress,
        t1_0.tdesc,
        t1_0.tlocation,
        t1_0.tname,
        til1_0.tour_tno,
        til1_0.category_name,
        til1_0.file_name,
        til1_0.ord,
        t1_0.tprice,
        t1_0.update_at 
    from
        tbl_tours t1_0 
    left join
        tour_tour_image_list til1_0 
            on t1_0.tno=til1_0.tour_tno 
    where
        t1_0.tno=?
Hibernate: 
    insert 
    into
        tbl_tour_date
        (available_capacity, tour_no, tour_date) 
    values
        (?, ?, ?)
Hibernate: 
    select
        t1_0.tno,
        t1_0.category_no,
        t1_0.create_at,
        t1_0.del_flag,
        t1_0.like_count,
        t1_0.max_capacity,
        t1_0.taddress,
        t1_0.tdesc,
        t1_0.tlocation,
        t1_0.tname,
        til1_0.tour_tno,
        til1_0.category_name,
        til1_0.file_name,
        til1_0.ord,
        t1_0.tprice,
        t1_0.update_at 
    from
        tbl_tours t1_0 
    left join
        tour_tour_image_list til1_0 
            on t1_0.tno=til1_0.tour_tno 
    where
        t1_0.tno=?
Hibernate: 
    insert 
    into
        tbl_tour_date
        (available_capacity, tour_no, tour_date) 
    values
        (?, ?, ?)
Hibernate: 
    select
        t1_0.tno,
        t1_0.category_no,
        t1_0.create_at,
        t1_0.del_flag,
        t1_0.like_count,
        t1_0.max_capacity,
        t1_0.taddress,
        t1_0.tdesc,
        t1_0.tlocation,
        t1_0.tname,
        til1_0.tour_tno,
        til1_0.category_name,
        til1_0.file_name,
        til1_0.ord,
        t1_0.tprice,
        t1_0.update_at 
    from
        tbl_tours t1_0 
    left join
        tour_tour_image_list til1_0 
            on t1_0.tno=til1_0.tour_tno 
    where
        t1_0.tno=?
Hibernate: 
    insert 
    into
        tbl_tour_date
        (available_capacity, tour_no, tour_date) 
    values
        (?, ?, ?)
Hibernate: 
    select
        t1_0.tno,
        t1_0.category_no,
        t1_0.create_at,
        t1_0.del_flag,
        t1_0.like_count,
        t1_0.max_capacity,
        t1_0.taddress,
        t1_0.tdesc,
        t1_0.tlocation,
        t1_0.tname,
        til1_0.tour_tno,
        til1_0.category_name,
        til1_0.file_name,
        til1_0.ord,
        t1_0.tprice,
        t1_0.update_at 
    from
        tbl_tours t1_0 
    left join
        tour_tour_image_list til1_0 
            on t1_0.tno=til1_0.tour_tno 
    where
        t1_0.tno=?
Hibernate: 
    insert 
    into
        tbl_tour_date
        (available_capacity, tour_no, tour_date) 
    values
        (?, ?, ?)
Hibernate: 
    select
        t1_0.tno,
        t1_0.category_no,
        t1_0.create_at,
        t1_0.del_flag,
        t1_0.like_count,
        t1_0.max_capacity,
        t1_0.taddress,
        t1_0.tdesc,
        t1_0.tlocation,
        t1_0.tname,
        til1_0.tour_tno,
        til1_0.category_name,
        til1_0.file_name,
        til1_0.ord,
        t1_0.tprice,
        t1_0.update_at 
    from
        tbl_tours t1_0 
    left join
        tour_tour_image_list til1_0 
            on t1_0.tno=til1_0.tour_tno 
    where
        t1_0.tno=?
Hibernate: 
    insert 
    into
        tbl_tour_date
        (available_capacity, tour_no, tour_date) 
    values
        (?, ?, ?)
Hibernate: 
    select
        t1_0.tno,
        t1_0.category_no,
        t1_0.create_at,
        t1_0.del_flag,
        t1_0.like_count,
        t1_0.max_capacity,
        t1_0.taddress,
        t1_0.tdesc,
        t1_0.tlocation,
        t1_0.tname,
        til1_0.tour_tno,
        til1_0.category_name,
        til1_0.file_name,
        til1_0.ord,
        t1_0.tprice,
        t1_0.update_at 
    from
        tbl_tours t1_0 
    left join
        tour_tour_image_list til1_0 
            on t1_0.tno=til1_0.tour_tno 
    where
        t1_0.tno=?
Hibernate: 
    insert 
    into
        tbl_tour_date
        (available_capacity, tour_no, tour_date) 
    values
        (?, ?, ?)
Hibernate: 
    select
        t1_0.tno,
        t1_0.category_no,
        t1_0.create_at,
        t1_0.del_flag,
        t1_0.like_count,
        t1_0.max_capacity,
        t1_0.taddress,
        t1_0.tdesc,
        t1_0.tlocation,
        t1_0.tname,
        til1_0.tour_tno,
        til1_0.category_name,
        til1_0.file_name,
        til1_0.ord,
        t1_0.tprice,
        t1_0.update_at 
    from
        tbl_tours t1_0 
    left join
        tour_tour_image_list til1_0 
            on t1_0.tno=til1_0.tour_tno 
    where
        t1_0.tno=?
Hibernate: 
    insert 
    into
        tbl_tour_date
        (available_capacity, tour_no, tour_date) 
    values
        (?, ?, ?)
Hibernate: 
    select
        t1_0.tno,
        t1_0.category_no,
        t1_0.create_at,
        t1_0.del_flag,
        t1_0.like_count,
        t1_0.max_capacity,
        t1_0.taddress,
        t1_0.tdesc,
        t1_0.tlocation,
        t1_0.tname,
        til1_0.tour_tno,
        til1_0.category_name,
        til1_0.file_name,
        til1_0.ord,
        t1_0.tprice,
        t1_0.update_at 
    from
        tbl_tours t1_0 
    left join
        tour_tour_image_list til1_0 
            on t1_0.tno=til1_0.tour_tno 
    where
        t1_0.tno=?
Hibernate: 
    insert 
    into
        tbl_tour_date
        (available_capacity, tour_no, tour_date) 
    values
        (?, ?, ?)
Hibernate: 
    select
        t1_0.tno,
        t1_0.category_no,
        t1_0.create_at,
        t1_0.del_flag,
        t1_0.like_count,
        t1_0.max_capacity,
        t1_0.taddress,
        t1_0.tdesc,
        t1_0.tlocation,
        t1_0.tname,
        til1_0.tour_tno,
        til1_0.category_name,
        til1_0.file_name,
        til1_0.ord,
        t1_0.tprice,
        t1_0.update_at 
    from
        tbl_tours t1_0 
    left join
        tour_tour_image_list til1_0 
            on t1_0.tno=til1_0.tour_tno 
    where
        t1_0.tno=?
Hibernate: 
    insert 
    into
        tbl_tour_date
        (available_capacity, tour_no, tour_date) 
    values
        (?, ?, ?)
Hibernate: 
    select
        t1_0.tno,
        t1_0.category_no,
        t1_0.create_at,
        t1_0.del_flag,
        t1_0.like_count,
        t1_0.max_capacity,
        t1_0.taddress,
        t1_0.tdesc,
        t1_0.tlocation,
        t1_0.tname,
        til1_0.tour_tno,
        til1_0.category_name,
        til1_0.file_name,
        til1_0.ord,
        t1_0.tprice,
        t1_0.update_at 
    from
        tbl_tours t1_0 
    left join
        tour_tour_image_list til1_0 
            on t1_0.tno=til1_0.tour_tno 
    where
        t1_0.tno=?
Hibernate: 
    insert 
    into
        tbl_tour_date
        (available_capacity, tour_no, tour_date) 
    values
        (?, ?, ?)
Hibernate: 
    select
        t1_0.tno,
        t1_0.category_no,
        t1_0.create_at,
        t1_0.del_flag,
        t1_0.like_count,
        t1_0.max_capacity,
        t1_0.taddress,
        t1_0.tdesc,
        t1_0.tlocation,
        t1_0.tname,
        til1_0.tour_tno,
        til1_0.category_name,
        til1_0.file_name,
        til1_0.ord,
        t1_0.tprice,
        t1_0.update_at 
    from
        tbl_tours t1_0 
    left join
        tour_tour_image_list til1_0 
            on t1_0.tno=til1_0.tour_tno 
    where
        t1_0.tno=?
Hibernate: 
    insert 
    into
        tbl_tour_date
        (available_capacity, tour_no, tour_date) 
    values
        (?, ?, ?)
Hibernate: 
    select
        t1_0.tno,
        t1_0.category_no,
        t1_0.create_at,
        t1_0.del_flag,
        t1_0.like_count,
        t1_0.max_capacity,
        t1_0.taddress,
        t1_0.tdesc,
        t1_0.tlocation,
        t1_0.tname,
        til1_0.tour_tno,
        til1_0.category_name,
        til1_0.file_name,
        til1_0.ord,
        t1_0.tprice,
        t1_0.update_at 
    from
        tbl_tours t1_0 
    left join
        tour_tour_image_list til1_0 
            on t1_0.tno=til1_0.tour_tno 
    where
        t1_0.tno=?
Hibernate: 
    insert 
    into
        tbl_tour_date
        (available_capacity, tour_no, tour_date) 
    values
        (?, ?, ?)
Hibernate: 
    select
        t1_0.tno,
        t1_0.category_no,
        t1_0.create_at,
        t1_0.del_flag,
        t1_0.like_count,
        t1_0.max_capacity,
        t1_0.taddress,
        t1_0.tdesc,
        t1_0.tlocation,
        t1_0.tname,
        til1_0.tour_tno,
        til1_0.category_name,
        til1_0.file_name,
        til1_0.ord,
        t1_0.tprice,
        t1_0.update_at 
    from
        tbl_tours t1_0 
    left join
        tour_tour_image_list til1_0 
            on t1_0.tno=til1_0.tour_tno 
    where
        t1_0.tno=?
Hibernate: 
    insert 
    into
        tbl_tour_date
        (available_capacity, tour_no, tour_date) 
    values
        (?, ?, ?)
Hibernate: 
    select
        t1_0.tno,
        t1_0.category_no,
        t1_0.create_at,
        t1_0.del_flag,
        t1_0.like_count,
        t1_0.max_capacity,
        t1_0.taddress,
        t1_0.tdesc,
        t1_0.tlocation,
        t1_0.tname,
        til1_0.tour_tno,
        til1_0.category_name,
        til1_0.file_name,
        til1_0.ord,
        t1_0.tprice,
        t1_0.update_at 
    from
        tbl_tours t1_0 
    left join
        tour_tour_image_list til1_0 
            on t1_0.tno=til1_0.tour_tno 
    where
        t1_0.tno=?
Hibernate: 
    insert 
    into
        tbl_tour_date
        (available_capacity, tour_no, tour_date) 
    values
        (?, ?, ?)
Hibernate: 
    select
        t1_0.tno,
        t1_0.category_no,
        t1_0.create_at,
        t1_0.del_flag,
        t1_0.like_count,
        t1_0.max_capacity,
        t1_0.taddress,
        t1_0.tdesc,
        t1_0.tlocation,
        t1_0.tname,
        til1_0.tour_tno,
        til1_0.category_name,
        til1_0.file_name,
        til1_0.ord,
        t1_0.tprice,
        t1_0.update_at 
    from
        tbl_tours t1_0 
    left join
        tour_tour_image_list til1_0 
            on t1_0.tno=til1_0.tour_tno 
    where
        t1_0.tno=?
Hibernate: 
    insert 
    into
        tbl_tour_date
        (available_capacity, tour_no, tour_date) 
    values
        (?, ?, ?)
Hibernate: 
    select
        t1_0.tno,
        t1_0.category_no,
        t1_0.create_at,
        t1_0.del_flag,
        t1_0.like_count,
        t1_0.max_capacity,
        t1_0.taddress,
        t1_0.tdesc,
        t1_0.tlocation,
        t1_0.tname,
        til1_0.tour_tno,
        til1_0.category_name,
        til1_0.file_name,
        til1_0.ord,
        t1_0.tprice,
        t1_0.update_at 
    from
        tbl_tours t1_0 
    left join
        tour_tour_image_list til1_0 
            on t1_0.tno=til1_0.tour_tno 
    where
        t1_0.tno=?
Hibernate: 
    insert 
    into
        tbl_tour_date
        (available_capacity, tour_no, tour_date) 
    values
        (?, ?, ?)
Hibernate: 
    select
        t1_0.tno,
        t1_0.category_no,
        t1_0.create_at,
        t1_0.del_flag,
        t1_0.like_count,
        t1_0.max_capacity,
        t1_0.taddress,
        t1_0.tdesc,
        t1_0.tlocation,
        t1_0.tname,
        til1_0.tour_tno,
        til1_0.category_name,
        til1_0.file_name,
        til1_0.ord,
        t1_0.tprice,
        t1_0.update_at 
    from
        tbl_tours t1_0 
    left join
        tour_tour_image_list til1_0 
            on t1_0.tno=til1_0.tour_tno 
    where
        t1_0.tno=?
Hibernate: 
    insert 
    into
        tbl_tour_date
        (available_capacity, tour_no, tour_date) 
    values
        (?, ?, ?)
Hibernate: 
    select
        t1_0.tno,
        t1_0.category_no,
        t1_0.create_at,
        t1_0.del_flag,
        t1_0.like_count,
        t1_0.max_capacity,
        t1_0.taddress,
        t1_0.tdesc,
        t1_0.tlocation,
        t1_0.tname,
        til1_0.tour_tno,
        til1_0.category_name,
        til1_0.file_name,
        til1_0.ord,
        t1_0.tprice,
        t1_0.update_at 
    from
        tbl_tours t1_0 
    left join
        tour_tour_image_list til1_0 
            on t1_0.tno=til1_0.tour_tno 
    where
        t1_0.tno=?
Hibernate: 
    insert 
    into
        tbl_tour_date
        (available_capacity, tour_no, tour_date) 
    values
        (?, ?, ?)
Hibernate: 
    select
        t1_0.tno,
        t1_0.category_no,
        t1_0.create_at,
        t1_0.del_flag,
        t1_0.like_count,
        t1_0.max_capacity,
        t1_0.taddress,
        t1_0.tdesc,
        t1_0.tlocation,
        t1_0.tname,
        til1_0.tour_tno,
        til1_0.category_name,
        til1_0.file_name,
        til1_0.ord,
        t1_0.tprice,
        t1_0.update_at 
    from
        tbl_tours t1_0 
    left join
        tour_tour_image_list til1_0 
            on t1_0.tno=til1_0.tour_tno 
    where
        t1_0.tno=?
Hibernate: 
    insert 
    into
        tbl_tour_date
        (available_capacity, tour_no, tour_date) 
    values
        (?, ?, ?)
Hibernate: 
    select
        t1_0.tno,
        t1_0.category_no,
        t1_0.create_at,
        t1_0.del_flag,
        t1_0.like_count,
        t1_0.max_capacity,
        t1_0.taddress,
        t1_0.tdesc,
        t1_0.tlocation,
        t1_0.tname,
        til1_0.tour_tno,
        til1_0.category_name,
        til1_0.file_name,
        til1_0.ord,
        t1_0.tprice,
        t1_0.update_at 
    from
        tbl_tours t1_0 
    left join
        tour_tour_image_list til1_0 
            on t1_0.tno=til1_0.tour_tno 
    where
        t1_0.tno=?
Hibernate: 
    insert 
    into
        tbl_tour_date
        (available_capacity, tour_no, tour_date) 
    values
        (?, ?, ?)
Hibernate: 
    select
        t1_0.tno,
        t1_0.category_no,
        t1_0.create_at,
        t1_0.del_flag,
        t1_0.like_count,
        t1_0.max_capacity,
        t1_0.taddress,
        t1_0.tdesc,
        t1_0.tlocation,
        t1_0.tname,
        til1_0.tour_tno,
        til1_0.category_name,
        til1_0.file_name,
        til1_0.ord,
        t1_0.tprice,
        t1_0.update_at 
    from
        tbl_tours t1_0 
    left join
        tour_tour_image_list til1_0 
            on t1_0.tno=til1_0.tour_tno 
    where
        t1_0.tno=?
Hibernate: 
    insert 
    into
        tbl_tour_date
        (available_capacity, tour_no, tour_date) 
    values
        (?, ?, ?)
Hibernate: 
    select
        t1_0.tno,
        t1_0.category_no,
        t1_0.create_at,
        t1_0.del_flag,
        t1_0.like_count,
        t1_0.max_capacity,
        t1_0.taddress,
        t1_0.tdesc,
        t1_0.tlocation,
        t1_0.tname,
        til1_0.tour_tno,
        til1_0.category_name,
        til1_0.file_name,
        til1_0.ord,
        t1_0.tprice,
        t1_0.update_at 
    from
        tbl_tours t1_0 
    left join
        tour_tour_image_list til1_0 
            on t1_0.tno=til1_0.tour_tno 
    where
        t1_0.tno=?
Hibernate: 
    insert 
    into
        tbl_tour_date
        (available_capacity, tour_no, tour_date) 
    values
        (?, ?, ?)
Hibernate: 
    select
        t1_0.tno,
        t1_0.category_no,
        t1_0.create_at,
        t1_0.del_flag,
        t1_0.like_count,
        t1_0.max_capacity,
        t1_0.taddress,
        t1_0.tdesc,
        t1_0.tlocation,
        t1_0.tname,
        til1_0.tour_tno,
        til1_0.category_name,
        til1_0.file_name,
        til1_0.ord,
        t1_0.tprice,
        t1_0.update_at 
    from
        tbl_tours t1_0 
    left join
        tour_tour_image_list til1_0 
            on t1_0.tno=til1_0.tour_tno 
    where
        t1_0.tno=?
Hibernate: 
    insert 
    into
        tbl_tour_date
        (available_capacity, tour_no, tour_date) 
    values
        (?, ?, ?)
Hibernate: 
    select
        t1_0.tno,
        t1_0.category_no,
        t1_0.create_at,
        t1_0.del_flag,
        t1_0.like_count,
        t1_0.max_capacity,
        t1_0.taddress,
        t1_0.tdesc,
        t1_0.tlocation,
        t1_0.tname,
        til1_0.tour_tno,
        til1_0.category_name,
        til1_0.file_name,
        til1_0.ord,
        t1_0.tprice,
        t1_0.update_at 
    from
        tbl_tours t1_0 
    left join
        tour_tour_image_list til1_0 
            on t1_0.tno=til1_0.tour_tno 
    where
        t1_0.tno=?
Hibernate: 
    insert 
    into
        tbl_tour_date
        (available_capacity, tour_no, tour_date) 
    values
        (?, ?, ?)
Hibernate: 
    select
        t1_0.tno,
        t1_0.category_no,
        t1_0.create_at,
        t1_0.del_flag,
        t1_0.like_count,
        t1_0.max_capacity,
        t1_0.taddress,
        t1_0.tdesc,
        t1_0.tlocation,
        t1_0.tname,
        til1_0.tour_tno,
        til1_0.category_name,
        til1_0.file_name,
        til1_0.ord,
        t1_0.tprice,
        t1_0.update_at 
    from
        tbl_tours t1_0 
    left join
        tour_tour_image_list til1_0 
            on t1_0.tno=til1_0.tour_tno 
    where
        t1_0.tno=?
Hibernate: 
    insert 
    into
        tbl_tour_date
        (available_capacity, tour_no, tour_date) 
    values
        (?, ?, ?)
Hibernate: 
    select
        t1_0.tno,
        t1_0.category_no,
        t1_0.create_at,
        t1_0.del_flag,
        t1_0.like_count,
        t1_0.max_capacity,
        t1_0.taddress,
        t1_0.tdesc,
        t1_0.tlocation,
        t1_0.tname,
        til1_0.tour_tno,
        til1_0.category_name,
        til1_0.file_name,
        til1_0.ord,
        t1_0.tprice,
        t1_0.update_at 
    from
        tbl_tours t1_0 
    left join
        tour_tour_image_list til1_0 
            on t1_0.tno=til1_0.tour_tno 
    where
        t1_0.tno=?
Hibernate: 
    insert 
    into
        tbl_tour_date
        (available_capacity, tour_no, tour_date) 
    values
        (?, ?, ?)
Hibernate: 
    select
        t1_0.tno,
        t1_0.category_no,
        t1_0.create_at,
        t1_0.del_flag,
        t1_0.like_count,
        t1_0.max_capacity,
        t1_0.taddress,
        t1_0.tdesc,
        t1_0.tlocation,
        t1_0.tname,
        til1_0.tour_tno,
        til1_0.category_name,
        til1_0.file_name,
        til1_0.ord,
        t1_0.tprice,
        t1_0.update_at 
    from
        tbl_tours t1_0 
    left join
        tour_tour_image_list til1_0 
            on t1_0.tno=til1_0.tour_tno 
    where
        t1_0.tno=?
Hibernate: 
    insert 
    into
        tbl_tour_date
        (available_capacity, tour_no, tour_date) 
    values
        (?, ?, ?)
Hibernate: 
    select
        t1_0.tno,
        t1_0.category_no,
        t1_0.create_at,
        t1_0.del_flag,
        t1_0.like_count,
        t1_0.max_capacity,
        t1_0.taddress,
        t1_0.tdesc,
        t1_0.tlocation,
        t1_0.tname,
        til1_0.tour_tno,
        til1_0.category_name,
        til1_0.file_name,
        til1_0.ord,
        t1_0.tprice,
        t1_0.update_at 
    from
        tbl_tours t1_0 
    left join
        tour_tour_image_list til1_0 
            on t1_0.tno=til1_0.tour_tno 
    where
        t1_0.tno=?
Hibernate: 
    insert 
    into
        tbl_tour_date
        (available_capacity, tour_no, tour_date) 
    values
        (?, ?, ?)
Hibernate: 
    select
        t1_0.tno,
        t1_0.category_no,
        t1_0.create_at,
        t1_0.del_flag,
        t1_0.like_count,
        t1_0.max_capacity,
        t1_0.taddress,
        t1_0.tdesc,
        t1_0.tlocation,
        t1_0.tname,
        til1_0.tour_tno,
        til1_0.category_name,
        til1_0.file_name,
        til1_0.ord,
        t1_0.tprice,
        t1_0.update_at 
    from
        tbl_tours t1_0 
    left join
        tour_tour_image_list til1_0 
            on t1_0.tno=til1_0.tour_tno 
    where
        t1_0.tno=?
Hibernate: 
    insert 
    into
        tbl_tour_date
        (available_capacity, tour_no, tour_date) 
    values
        (?, ?, ?)
Hibernate: 
    select
        t1_0.tno,
        t1_0.category_no,
        t1_0.create_at,
        t1_0.del_flag,
        t1_0.like_count,
        t1_0.max_capacity,
        t1_0.taddress,
        t1_0.tdesc,
        t1_0.tlocation,
        t1_0.tname,
        til1_0.tour_tno,
        til1_0.category_name,
        til1_0.file_name,
        til1_0.ord,
        t1_0.tprice,
        t1_0.update_at 
    from
        tbl_tours t1_0 
    left join
        tour_tour_image_list til1_0 
            on t1_0.tno=til1_0.tour_tno 
    where
        t1_0.tno=?
Hibernate: 
    insert 
    into
        tbl_tour_date
        (available_capacity, tour_no, tour_date) 
    values
        (?, ?, ?)
Hibernate: 
    select
        t1_0.tno,
        t1_0.category_no,
        t1_0.create_at,
        t1_0.del_flag,
        t1_0.like_count,
        t1_0.max_capacity,
        t1_0.taddress,
        t1_0.tdesc,
        t1_0.tlocation,
        t1_0.tname,
        til1_0.tour_tno,
        til1_0.category_name,
        til1_0.file_name,
        til1_0.ord,
        t1_0.tprice,
        t1_0.update_at 
    from
        tbl_tours t1_0 
    left join
        tour_tour_image_list til1_0 
            on t1_0.tno=til1_0.tour_tno 
    where
        t1_0.tno=?
Hibernate: 
    insert 
    into
        tbl_tour_date
        (available_capacity, tour_no, tour_date) 
    values
        (?, ?, ?)
Hibernate: 
    select
        t1_0.tno,
        t1_0.category_no,
        t1_0.create_at,
        t1_0.del_flag,
        t1_0.like_count,
        t1_0.max_capacity,
        t1_0.taddress,
        t1_0.tdesc,
        t1_0.tlocation,
        t1_0.tname,
        til1_0.tour_tno,
        til1_0.category_name,
        til1_0.file_name,
        til1_0.ord,
        t1_0.tprice,
        t1_0.update_at 
    from
        tbl_tours t1_0 
    left join
        tour_tour_image_list til1_0 
            on t1_0.tno=til1_0.tour_tno 
    where
        t1_0.tno=?
Hibernate: 
    insert 
    into
        tbl_tour_date
        (available_capacity, tour_no, tour_date) 
    values
        (?, ?, ?)
Hibernate: 
    select
        t1_0.tno,
        t1_0.category_no,
        t1_0.create_at,
        t1_0.del_flag,
        t1_0.like_count,
        t1_0.max_capacity,
        t1_0.taddress,
        t1_0.tdesc,
        t1_0.tlocation,
        t1_0.tname,
        til1_0.tour_tno,
        til1_0.category_name,
        til1_0.file_name,
        til1_0.ord,
        t1_0.tprice,
        t1_0.update_at 
    from
        tbl_tours t1_0 
    left join
        tour_tour_image_list til1_0 
            on t1_0.tno=til1_0.tour_tno 
    where
        t1_0.tno=?
Hibernate: 
    insert 
    into
        tbl_tour_date
        (available_capacity, tour_no, tour_date) 
    values
        (?, ?, ?)
Hibernate: 
    select
        t1_0.tno,
        t1_0.category_no,
        t1_0.create_at,
        t1_0.del_flag,
        t1_0.like_count,
        t1_0.max_capacity,
        t1_0.taddress,
        t1_0.tdesc,
        t1_0.tlocation,
        t1_0.tname,
        til1_0.tour_tno,
        til1_0.category_name,
        til1_0.file_name,
        til1_0.ord,
        t1_0.tprice,
        t1_0.update_at 
    from
        tbl_tours t1_0 
    left join
        tour_tour_image_list til1_0 
            on t1_0.tno=til1_0.tour_tno 
    where
        t1_0.tno=?
Hibernate: 
    insert 
    into
        tbl_tour_date
        (available_capacity, tour_no, tour_date) 
    values
        (?, ?, ?)
Hibernate: 
    select
        t1_0.tno,
        t1_0.category_no,
        t1_0.create_at,
        t1_0.del_flag,
        t1_0.like_count,
        t1_0.max_capacity,
        t1_0.taddress,
        t1_0.tdesc,
        t1_0.tlocation,
        t1_0.tname,
        til1_0.tour_tno,
        til1_0.category_name,
        til1_0.file_name,
        til1_0.ord,
        t1_0.tprice,
        t1_0.update_at 
    from
        tbl_tours t1_0 
    left join
        tour_tour_image_list til1_0 
            on t1_0.tno=til1_0.tour_tno 
    where
        t1_0.tno=?
Hibernate: 
    insert 
    into
        tbl_tour_date
        (available_capacity, tour_no, tour_date) 
    values
        (?, ?, ?)
Hibernate: 
    select
        t1_0.tno,
        t1_0.category_no,
        t1_0.create_at,
        t1_0.del_flag,
        t1_0.like_count,
        t1_0.max_capacity,
        t1_0.taddress,
        t1_0.tdesc,
        t1_0.tlocation,
        t1_0.tname,
        til1_0.tour_tno,
        til1_0.category_name,
        til1_0.file_name,
        til1_0.ord,
        t1_0.tprice,
        t1_0.update_at 
    from
        tbl_tours t1_0 
    left join
        tour_tour_image_list til1_0 
            on t1_0.tno=til1_0.tour_tno 
    where
        t1_0.tno=?
Hibernate: 
    insert 
    into
        tbl_tour_date
        (available_capacity, tour_no, tour_date) 
    values
        (?, ?, ?)
Hibernate: 
    select
        t1_0.tno,
        t1_0.category_no,
        t1_0.create_at,
        t1_0.del_flag,
        t1_0.like_count,
        t1_0.max_capacity,
        t1_0.taddress,
        t1_0.tdesc,
        t1_0.tlocation,
        t1_0.tname,
        til1_0.tour_tno,
        til1_0.category_name,
        til1_0.file_name,
        til1_0.ord,
        t1_0.tprice,
        t1_0.update_at 
    from
        tbl_tours t1_0 
    left join
        tour_tour_image_list til1_0 
            on t1_0.tno=til1_0.tour_tno 
    where
        t1_0.tno=?
Hibernate: 
    insert 
    into
        tbl_tour_date
        (available_capacity, tour_no, tour_date) 
    values
        (?, ?, ?)
Hibernate: 
    select
        t1_0.tno,
        t1_0.category_no,
        t1_0.create_at,
        t1_0.del_flag,
        t1_0.like_count,
        t1_0.max_capacity,
        t1_0.taddress,
        t1_0.tdesc,
        t1_0.tlocation,
        t1_0.tname,
        til1_0.tour_tno,
        til1_0.category_name,
        til1_0.file_name,
        til1_0.ord,
        t1_0.tprice,
        t1_0.update_at 
    from
        tbl_tours t1_0 
    left join
        tour_tour_image_list til1_0 
            on t1_0.tno=til1_0.tour_tno 
    where
        t1_0.tno=?
Hibernate: 
    insert 
    into
        tbl_tour_date
        (available_capacity, tour_no, tour_date) 
    values
        (?, ?, ?)
Hibernate: 
    select
        t1_0.tno,
        t1_0.category_no,
        t1_0.create_at,
        t1_0.del_flag,
        t1_0.like_count,
        t1_0.max_capacity,
        t1_0.taddress,
        t1_0.tdesc,
        t1_0.tlocation,
        t1_0.tname,
        til1_0.tour_tno,
        til1_0.category_name,
        til1_0.file_name,
        til1_0.ord,
        t1_0.tprice,
        t1_0.update_at 
    from
        tbl_tours t1_0 
    left join
        tour_tour_image_list til1_0 
            on t1_0.tno=til1_0.tour_tno 
    where
        t1_0.tno=?
Hibernate: 
    insert 
    into
        tbl_tour_date
        (available_capacity, tour_no, tour_date) 
    values
        (?, ?, ?)
Hibernate: 
    select
        t1_0.tno,
        t1_0.category_no,
        t1_0.create_at,
        t1_0.del_flag,
        t1_0.like_count,
        t1_0.max_capacity,
        t1_0.taddress,
        t1_0.tdesc,
        t1_0.tlocation,
        t1_0.tname,
        til1_0.tour_tno,
        til1_0.category_name,
        til1_0.file_name,
        til1_0.ord,
        t1_0.tprice,
        t1_0.update_at 
    from
        tbl_tours t1_0 
    left join
        tour_tour_image_list til1_0 
            on t1_0.tno=til1_0.tour_tno 
    where
        t1_0.tno=?
Hibernate: 
    insert 
    into
        tbl_tour_date
        (available_capacity, tour_no, tour_date) 
    values
        (?, ?, ?)
Hibernate: 
    select
        t1_0.tno,
        t1_0.category_no,
        t1_0.create_at,
        t1_0.del_flag,
        t1_0.like_count,
        t1_0.max_capacity,
        t1_0.taddress,
        t1_0.tdesc,
        t1_0.tlocation,
        t1_0.tname,
        til1_0.tour_tno,
        til1_0.category_name,
        til1_0.file_name,
        til1_0.ord,
        t1_0.tprice,
        t1_0.update_at 
    from
        tbl_tours t1_0 
    left join
        tour_tour_image_list til1_0 
            on t1_0.tno=til1_0.tour_tno 
    where
        t1_0.tno=?
Hibernate: 
    insert 
    into
        tbl_tour_date
        (available_capacity, tour_no, tour_date) 
    values
        (?, ?, ?)
Hibernate: 
    select
        t1_0.tno,
        t1_0.category_no,
        t1_0.create_at,
        t1_0.del_flag,
        t1_0.like_count,
        t1_0.max_capacity,
        t1_0.taddress,
        t1_0.tdesc,
        t1_0.tlocation,
        t1_0.tname,
        til1_0.tour_tno,
        til1_0.category_name,
        til1_0.file_name,
        til1_0.ord,
        t1_0.tprice,
        t1_0.update_at 
    from
        tbl_tours t1_0 
    left join
        tour_tour_image_list til1_0 
            on t1_0.tno=til1_0.tour_tno 
    where
        t1_0.tno=?
Hibernate: 
    insert 
    into
        tbl_tour_date
        (available_capacity, tour_no, tour_date) 
    values
        (?, ?, ?)
Hibernate: 
    select
        t1_0.tno,
        t1_0.category_no,
        t1_0.create_at,
        t1_0.del_flag,
        t1_0.like_count,
        t1_0.max_capacity,
        t1_0.taddress,
        t1_0.tdesc,
        t1_0.tlocation,
        t1_0.tname,
        til1_0.tour_tno,
        til1_0.category_name,
        til1_0.file_name,
        til1_0.ord,
        t1_0.tprice,
        t1_0.update_at 
    from
        tbl_tours t1_0 
    left join
        tour_tour_image_list til1_0 
            on t1_0.tno=til1_0.tour_tno 
    where
        t1_0.tno=?
Hibernate: 
    insert 
    into
        tbl_tour_date
        (available_capacity, tour_no, tour_date) 
    values
        (?, ?, ?)
Hibernate: 
    select
        t1_0.tno,
        t1_0.category_no,
        t1_0.create_at,
        t1_0.del_flag,
        t1_0.like_count,
        t1_0.max_capacity,
        t1_0.taddress,
        t1_0.tdesc,
        t1_0.tlocation,
        t1_0.tname,
        til1_0.tour_tno,
        til1_0.category_name,
        til1_0.file_name,
        til1_0.ord,
        t1_0.tprice,
        t1_0.update_at 
    from
        tbl_tours t1_0 
    left join
        tour_tour_image_list til1_0 
            on t1_0.tno=til1_0.tour_tno 
    where
        t1_0.tno=?
Hibernate: 
    insert 
    into
        tbl_tour_date
        (available_capacity, tour_no, tour_date) 
    values
        (?, ?, ?)
Hibernate: 
    select
        t1_0.tno,
        t1_0.category_no,
        t1_0.create_at,
        t1_0.del_flag,
        t1_0.like_count,
        t1_0.max_capacity,
        t1_0.taddress,
        t1_0.tdesc,
        t1_0.tlocation,
        t1_0.tname,
        til1_0.tour_tno,
        til1_0.category_name,
        til1_0.file_name,
        til1_0.ord,
        t1_0.tprice,
        t1_0.update_at 
    from
        tbl_tours t1_0 
    left join
        tour_tour_image_list til1_0 
            on t1_0.tno=til1_0.tour_tno 
    where
        t1_0.tno=?
Hibernate: 
    insert 
    into
        tbl_tour_date
        (available_capacity, tour_no, tour_date) 
    values
        (?, ?, ?)
Hibernate: 
    select
        t1_0.tno,
        t1_0.category_no,
        t1_0.create_at,
        t1_0.del_flag,
        t1_0.like_count,
        t1_0.max_capacity,
        t1_0.taddress,
        t1_0.tdesc,
        t1_0.tlocation,
        t1_0.tname,
        til1_0.tour_tno,
        til1_0.category_name,
        til1_0.file_name,
        til1_0.ord,
        t1_0.tprice,
        t1_0.update_at 
    from
        tbl_tours t1_0 
    left join
        tour_tour_image_list til1_0 
            on t1_0.tno=til1_0.tour_tno 
    where
        t1_0.tno=?
Hibernate: 
    insert 
    into
        tbl_tour_date
        (available_capacity, tour_no, tour_date) 
    values
        (?, ?, ?)
Hibernate: 
    select
        t1_0.tno,
        t1_0.category_no,
        t1_0.create_at,
        t1_0.del_flag,
        t1_0.like_count,
        t1_0.max_capacity,
        t1_0.taddress,
        t1_0.tdesc,
        t1_0.tlocation,
        t1_0.tname,
        til1_0.tour_tno,
        til1_0.category_name,
        til1_0.file_name,
        til1_0.ord,
        t1_0.tprice,
        t1_0.update_at 
    from
        tbl_tours t1_0 
    left join
        tour_tour_image_list til1_0 
            on t1_0.tno=til1_0.tour_tno 
    where
        t1_0.tno=?
Hibernate: 
    insert 
    into
        tbl_tour_date
        (available_capacity, tour_no, tour_date) 
    values
        (?, ?, ?)
Hibernate: 
    select
        t1_0.tno,
        t1_0.category_no,
        t1_0.create_at,
        t1_0.del_flag,
        t1_0.like_count,
        t1_0.max_capacity,
        t1_0.taddress,
        t1_0.tdesc,
        t1_0.tlocation,
        t1_0.tname,
        til1_0.tour_tno,
        til1_0.category_name,
        til1_0.file_name,
        til1_0.ord,
        t1_0.tprice,
        t1_0.update_at 
    from
        tbl_tours t1_0 
    left join
        tour_tour_image_list til1_0 
            on t1_0.tno=til1_0.tour_tno 
    where
        t1_0.tno=?
Hibernate: 
    insert 
    into
        tbl_tour_date
        (available_capacity, tour_no, tour_date) 
    values
        (?, ?, ?)
Hibernate: 
    select
        t1_0.tno,
        t1_0.category_no,
        t1_0.create_at,
        t1_0.del_flag,
        t1_0.like_count,
        t1_0.max_capacity,
        t1_0.taddress,
        t1_0.tdesc,
        t1_0.tlocation,
        t1_0.tname,
        til1_0.tour_tno,
        til1_0.category_name,
        til1_0.file_name,
        til1_0.ord,
        t1_0.tprice,
        t1_0.update_at 
    from
        tbl_tours t1_0 
    left join
        tour_tour_image_list til1_0 
            on t1_0.tno=til1_0.tour_tno 
    where
        t1_0.tno=?
Hibernate: 
    insert 
    into
        tbl_tour_date
        (available_capacity, tour_no, tour_date) 
    values
        (?, ?, ?)
Hibernate: 
    select
        t1_0.tno,
        t1_0.category_no,
        t1_0.create_at,
        t1_0.del_flag,
        t1_0.like_count,
        t1_0.max_capacity,
        t1_0.taddress,
        t1_0.tdesc,
        t1_0.tlocation,
        t1_0.tname,
        til1_0.tour_tno,
        til1_0.category_name,
        til1_0.file_name,
        til1_0.ord,
        t1_0.tprice,
        t1_0.update_at 
    from
        tbl_tours t1_0 
    left join
        tour_tour_image_list til1_0 
            on t1_0.tno=til1_0.tour_tno 
    where
        t1_0.tno=?
Hibernate: 
    insert 
    into
        tbl_tour_date
        (available_capacity, tour_no, tour_date) 
    values
        (?, ?, ?)
Hibernate: 
    select
        t1_0.tno,
        t1_0.category_no,
        t1_0.create_at,
        t1_0.del_flag,
        t1_0.like_count,
        t1_0.max_capacity,
        t1_0.taddress,
        t1_0.tdesc,
        t1_0.tlocation,
        t1_0.tname,
        til1_0.tour_tno,
        til1_0.category_name,
        til1_0.file_name,
        til1_0.ord,
        t1_0.tprice,
        t1_0.update_at 
    from
        tbl_tours t1_0 
    left join
        tour_tour_image_list til1_0 
            on t1_0.tno=til1_0.tour_tno 
    where
        t1_0.tno=?
Hibernate: 
    insert 
    into
        tbl_tour_date
        (available_capacity, tour_no, tour_date) 
    values
        (?, ?, ?)
Hibernate: 
    select
        t1_0.tno,
        t1_0.category_no,
        t1_0.create_at,
        t1_0.del_flag,
        t1_0.like_count,
        t1_0.max_capacity,
        t1_0.taddress,
        t1_0.tdesc,
        t1_0.tlocation,
        t1_0.tname,
        til1_0.tour_tno,
        til1_0.category_name,
        til1_0.file_name,
        til1_0.ord,
        t1_0.tprice,
        t1_0.update_at 
    from
        tbl_tours t1_0 
    left join
        tour_tour_image_list til1_0 
            on t1_0.tno=til1_0.tour_tno 
    where
        t1_0.tno=?
Hibernate: 
    insert 
    into
        tbl_tour_date
        (available_capacity, tour_no, tour_date) 
    values
        (?, ?, ?)
Hibernate: 
    select
        t1_0.tno,
        t1_0.category_no,
        t1_0.create_at,
        t1_0.del_flag,
        t1_0.like_count,
        t1_0.max_capacity,
        t1_0.taddress,
        t1_0.tdesc,
        t1_0.tlocation,
        t1_0.tname,
        til1_0.tour_tno,
        til1_0.category_name,
        til1_0.file_name,
        til1_0.ord,
        t1_0.tprice,
        t1_0.update_at 
    from
        tbl_tours t1_0 
    left join
        tour_tour_image_list til1_0 
            on t1_0.tno=til1_0.tour_tno 
    where
        t1_0.tno=?
Hibernate: 
    insert 
    into
        tbl_tour_date
        (available_capacity, tour_no, tour_date) 
    values
        (?, ?, ?)
Hibernate: 
    select
        t1_0.tno,
        t1_0.category_no,
        t1_0.create_at,
        t1_0.del_flag,
        t1_0.like_count,
        t1_0.max_capacity,
        t1_0.taddress,
        t1_0.tdesc,
        t1_0.tlocation,
        t1_0.tname,
        til1_0.tour_tno,
        til1_0.category_name,
        til1_0.file_name,
        til1_0.ord,
        t1_0.tprice,
        t1_0.update_at 
    from
        tbl_tours t1_0 
    left join
        tour_tour_image_list til1_0 
            on t1_0.tno=til1_0.tour_tno 
    where
        t1_0.tno=?
Hibernate: 
    insert 
    into
        tbl_tour_date
        (available_capacity, tour_no, tour_date) 
    values
        (?, ?, ?)
Hibernate: 
    select
        t1_0.tno,
        t1_0.category_no,
        t1_0.create_at,
        t1_0.del_flag,
        t1_0.like_count,
        t1_0.max_capacity,
        t1_0.taddress,
        t1_0.tdesc,
        t1_0.tlocation,
        t1_0.tname,
        til1_0.tour_tno,
        til1_0.category_name,
        til1_0.file_name,
        til1_0.ord,
        t1_0.tprice,
        t1_0.update_at 
    from
        tbl_tours t1_0 
    left join
        tour_tour_image_list til1_0 
            on t1_0.tno=til1_0.tour_tno 
    where
        t1_0.tno=?
Hibernate: 
    insert 
    into
        tbl_tour_date
        (available_capacity, tour_no, tour_date) 
    values
        (?, ?, ?)
Hibernate: 
    select
        t1_0.tno,
        t1_0.category_no,
        t1_0.create_at,
        t1_0.del_flag,
        t1_0.like_count,
        t1_0.max_capacity,
        t1_0.taddress,
        t1_0.tdesc,
        t1_0.tlocation,
        t1_0.tname,
        til1_0.tour_tno,
        til1_0.category_name,
        til1_0.file_name,
        til1_0.ord,
        t1_0.tprice,
        t1_0.update_at 
    from
        tbl_tours t1_0 
    left join
        tour_tour_image_list til1_0 
            on t1_0.tno=til1_0.tour_tno 
    where
        t1_0.tno=?
Hibernate: 
    insert 
    into
        tbl_tour_date
        (available_capacity, tour_no, tour_date) 
    values
        (?, ?, ?)
Hibernate: 
    select
        t1_0.tno,
        t1_0.category_no,
        t1_0.create_at,
        t1_0.del_flag,
        t1_0.like_count,
        t1_0.max_capacity,
        t1_0.taddress,
        t1_0.tdesc,
        t1_0.tlocation,
        t1_0.tname,
        til1_0.tour_tno,
        til1_0.category_name,
        til1_0.file_name,
        til1_0.ord,
        t1_0.tprice,
        t1_0.update_at 
    from
        tbl_tours t1_0 
    left join
        tour_tour_image_list til1_0 
            on t1_0.tno=til1_0.tour_tno 
    where
        t1_0.tno=?
Hibernate: 
    insert 
    into
        tbl_tour_date
        (available_capacity, tour_no, tour_date) 
    values
        (?, ?, ?)
Hibernate: 
    select
        t1_0.tno,
        t1_0.category_no,
        t1_0.create_at,
        t1_0.del_flag,
        t1_0.like_count,
        t1_0.max_capacity,
        t1_0.taddress,
        t1_0.tdesc,
        t1_0.tlocation,
        t1_0.tname,
        til1_0.tour_tno,
        til1_0.category_name,
        til1_0.file_name,
        til1_0.ord,
        t1_0.tprice,
        t1_0.update_at 
    from
        tbl_tours t1_0 
    left join
        tour_tour_image_list til1_0 
            on t1_0.tno=til1_0.tour_tno 
    where
        t1_0.tno=?
Hibernate: 
    insert 
    into
        tbl_tour_date
        (available_capacity, tour_no, tour_date) 
    values
        (?, ?, ?)
Hibernate: 
    select
        t1_0.tno,
        t1_0.category_no,
        t1_0.create_at,
        t1_0.del_flag,
        t1_0.like_count,
        t1_0.max_capacity,
        t1_0.taddress,
        t1_0.tdesc,
        t1_0.tlocation,
        t1_0.tname,
        til1_0.tour_tno,
        til1_0.category_name,
        til1_0.file_name,
        til1_0.ord,
        t1_0.tprice,
        t1_0.update_at 
    from
        tbl_tours t1_0 
    left join
        tour_tour_image_list til1_0 
            on t1_0.tno=til1_0.tour_tno 
    where
        t1_0.tno=?
Hibernate: 
    insert 
    into
        tbl_tour_date
        (available_capacity, tour_no, tour_date) 
    values
        (?, ?, ?)
Hibernate: 
    select
        t1_0.tno,
        t1_0.category_no,
        t1_0.create_at,
        t1_0.del_flag,
        t1_0.like_count,
        t1_0.max_capacity,
        t1_0.taddress,
        t1_0.tdesc,
        t1_0.tlocation,
        t1_0.tname,
        til1_0.tour_tno,
        til1_0.category_name,
        til1_0.file_name,
        til1_0.ord,
        t1_0.tprice,
        t1_0.update_at 
    from
        tbl_tours t1_0 
    left join
        tour_tour_image_list til1_0 
            on t1_0.tno=til1_0.tour_tno 
    where
        t1_0.tno=?
Hibernate: 
    insert 
    into
        tbl_tour_date
        (available_capacity, tour_no, tour_date) 
    values
        (?, ?, ?)
Hibernate: 
    select
        t1_0.tno,
        t1_0.category_no,
        t1_0.create_at,
        t1_0.del_flag,
        t1_0.like_count,
        t1_0.max_capacity,
        t1_0.taddress,
        t1_0.tdesc,
        t1_0.tlocation,
        t1_0.tname,
        til1_0.tour_tno,
        til1_0.category_name,
        til1_0.file_name,
        til1_0.ord,
        t1_0.tprice,
        t1_0.update_at 
    from
        tbl_tours t1_0 
    left join
        tour_tour_image_list til1_0 
            on t1_0.tno=til1_0.tour_tno 
    where
        t1_0.tno=?
Hibernate: 
    insert 
    into
        tbl_tour_date
        (available_capacity, tour_no, tour_date) 
    values
        (?, ?, ?)
Hibernate: 
    select
        t1_0.tno,
        t1_0.category_no,
        t1_0.create_at,
        t1_0.del_flag,
        t1_0.like_count,
        t1_0.max_capacity,
        t1_0.taddress,
        t1_0.tdesc,
        t1_0.tlocation,
        t1_0.tname,
        til1_0.tour_tno,
        til1_0.category_name,
        til1_0.file_name,
        til1_0.ord,
        t1_0.tprice,
        t1_0.update_at 
    from
        tbl_tours t1_0 
    left join
        tour_tour_image_list til1_0 
            on t1_0.tno=til1_0.tour_tno 
    where
        t1_0.tno=?
Hibernate: 
    insert 
    into
        tbl_tour_date
        (available_capacity, tour_no, tour_date) 
    values
        (?, ?, ?)
Hibernate: 
    select
        t1_0.tno,
        t1_0.category_no,
        t1_0.create_at,
        t1_0.del_flag,
        t1_0.like_count,
        t1_0.max_capacity,
        t1_0.taddress,
        t1_0.tdesc,
        t1_0.tlocation,
        t1_0.tname,
        til1_0.tour_tno,
        til1_0.category_name,
        til1_0.file_name,
        til1_0.ord,
        t1_0.tprice,
        t1_0.update_at 
    from
        tbl_tours t1_0 
    left join
        tour_tour_image_list til1_0 
            on t1_0.tno=til1_0.tour_tno 
    where
        t1_0.tno=?
Hibernate: 
    insert 
    into
        tbl_tour_date
        (available_capacity, tour_no, tour_date) 
    values
        (?, ?, ?)
Hibernate: 
    select
        t1_0.tno,
        t1_0.category_no,
        t1_0.create_at,
        t1_0.del_flag,
        t1_0.like_count,
        t1_0.max_capacity,
        t1_0.taddress,
        t1_0.tdesc,
        t1_0.tlocation,
        t1_0.tname,
        til1_0.tour_tno,
        til1_0.category_name,
        til1_0.file_name,
        til1_0.ord,
        t1_0.tprice,
        t1_0.update_at 
    from
        tbl_tours t1_0 
    left join
        tour_tour_image_list til1_0 
            on t1_0.tno=til1_0.tour_tno 
    where
        t1_0.tno=?
Hibernate: 
    insert 
    into
        tbl_tour_date
        (available_capacity, tour_no, tour_date) 
    values
        (?, ?, ?)
Hibernate: 
    select
        t1_0.tno,
        t1_0.category_no,
        t1_0.create_at,
        t1_0.del_flag,
        t1_0.like_count,
        t1_0.max_capacity,
        t1_0.taddress,
        t1_0.tdesc,
        t1_0.tlocation,
        t1_0.tname,
        til1_0.tour_tno,
        til1_0.category_name,
        til1_0.file_name,
        til1_0.ord,
        t1_0.tprice,
        t1_0.update_at 
    from
        tbl_tours t1_0 
    left join
        tour_tour_image_list til1_0 
            on t1_0.tno=til1_0.tour_tno 
    where
        t1_0.tno=?
Hibernate: 
    insert 
    into
        tbl_tour_date
        (available_capacity, tour_no, tour_date) 
    values
        (?, ?, ?)
Hibernate: 
    select
        t1_0.tno,
        t1_0.category_no,
        t1_0.create_at,
        t1_0.del_flag,
        t1_0.like_count,
        t1_0.max_capacity,
        t1_0.taddress,
        t1_0.tdesc,
        t1_0.tlocation,
        t1_0.tname,
        til1_0.tour_tno,
        til1_0.category_name,
        til1_0.file_name,
        til1_0.ord,
        t1_0.tprice,
        t1_0.update_at 
    from
        tbl_tours t1_0 
    left join
        tour_tour_image_list til1_0 
            on t1_0.tno=til1_0.tour_tno 
    where
        t1_0.tno=?
Hibernate: 
    insert 
    into
        tbl_tour_date
        (available_capacity, tour_no, tour_date) 
    values
        (?, ?, ?)
Hibernate: 
    select
        t1_0.tno,
        t1_0.category_no,
        t1_0.create_at,
        t1_0.del_flag,
        t1_0.like_count,
        t1_0.max_capacity,
        t1_0.taddress,
        t1_0.tdesc,
        t1_0.tlocation,
        t1_0.tname,
        til1_0.tour_tno,
        til1_0.category_name,
        til1_0.file_name,
        til1_0.ord,
        t1_0.tprice,
        t1_0.update_at 
    from
        tbl_tours t1_0 
    left join
        tour_tour_image_list til1_0 
            on t1_0.tno=til1_0.tour_tno 
    where
        t1_0.tno=?
Hibernate: 
    insert 
    into
        tbl_tour_date
        (available_capacity, tour_no, tour_date) 
    values
        (?, ?, ?)
Hibernate: 
    select
        t1_0.tno,
        t1_0.category_no,
        t1_0.create_at,
        t1_0.del_flag,
        t1_0.like_count,
        t1_0.max_capacity,
        t1_0.taddress,
        t1_0.tdesc,
        t1_0.tlocation,
        t1_0.tname,
        til1_0.tour_tno,
        til1_0.category_name,
        til1_0.file_name,
        til1_0.ord,
        t1_0.tprice,
        t1_0.update_at 
    from
        tbl_tours t1_0 
    left join
        tour_tour_image_list til1_0 
            on t1_0.tno=til1_0.tour_tno 
    where
        t1_0.tno=?
Hibernate: 
    insert 
    into
        tbl_tour_date
        (available_capacity, tour_no, tour_date) 
    values
        (?, ?, ?)
Hibernate: 
    select
        t1_0.tno,
        t1_0.category_no,
        t1_0.create_at,
        t1_0.del_flag,
        t1_0.like_count,
        t1_0.max_capacity,
        t1_0.taddress,
        t1_0.tdesc,
        t1_0.tlocation,
        t1_0.tname,
        til1_0.tour_tno,
        til1_0.category_name,
        til1_0.file_name,
        til1_0.ord,
        t1_0.tprice,
        t1_0.update_at 
    from
        tbl_tours t1_0 
    left join
        tour_tour_image_list til1_0 
            on t1_0.tno=til1_0.tour_tno 
    where
        t1_0.tno=?
Hibernate: 
    insert 
    into
        tbl_tour_date
        (available_capacity, tour_no, tour_date) 
    values
        (?, ?, ?)
Hibernate: 
    select
        t1_0.tno,
        t1_0.category_no,
        t1_0.create_at,
        t1_0.del_flag,
        t1_0.like_count,
        t1_0.max_capacity,
        t1_0.taddress,
        t1_0.tdesc,
        t1_0.tlocation,
        t1_0.tname,
        til1_0.tour_tno,
        til1_0.category_name,
        til1_0.file_name,
        til1_0.ord,
        t1_0.tprice,
        t1_0.update_at 
    from
        tbl_tours t1_0 
    left join
        tour_tour_image_list til1_0 
            on t1_0.tno=til1_0.tour_tno 
    where
        t1_0.tno=?
Hibernate: 
    insert 
    into
        tbl_tour_date
        (available_capacity, tour_no, tour_date) 
    values
        (?, ?, ?)
Hibernate: 
    select
        t1_0.tno,
        t1_0.category_no,
        t1_0.create_at,
        t1_0.del_flag,
        t1_0.like_count,
        t1_0.max_capacity,
        t1_0.taddress,
        t1_0.tdesc,
        t1_0.tlocation,
        t1_0.tname,
        til1_0.tour_tno,
        til1_0.category_name,
        til1_0.file_name,
        til1_0.ord,
        t1_0.tprice,
        t1_0.update_at 
    from
        tbl_tours t1_0 
    left join
        tour_tour_image_list til1_0 
            on t1_0.tno=til1_0.tour_tno 
    where
        t1_0.tno=?
Hibernate: 
    insert 
    into
        tbl_tour_date
        (available_capacity, tour_no, tour_date) 
    values
        (?, ?, ?)
Hibernate: 
    select
        t1_0.tno,
        t1_0.category_no,
        t1_0.create_at,
        t1_0.del_flag,
        t1_0.like_count,
        t1_0.max_capacity,
        t1_0.taddress,
        t1_0.tdesc,
        t1_0.tlocation,
        t1_0.tname,
        til1_0.tour_tno,
        til1_0.category_name,
        til1_0.file_name,
        til1_0.ord,
        t1_0.tprice,
        t1_0.update_at 
    from
        tbl_tours t1_0 
    left join
        tour_tour_image_list til1_0 
            on t1_0.tno=til1_0.tour_tno 
    where
        t1_0.tno=?
Hibernate: 
    insert 
    into
        tbl_tour_date
        (available_capacity, tour_no, tour_date) 
    values
        (?, ?, ?)
Hibernate: 
    select
        t1_0.tno,
        t1_0.category_no,
        t1_0.create_at,
        t1_0.del_flag,
        t1_0.like_count,
        t1_0.max_capacity,
        t1_0.taddress,
        t1_0.tdesc,
        t1_0.tlocation,
        t1_0.tname,
        til1_0.tour_tno,
        til1_0.category_name,
        til1_0.file_name,
        til1_0.ord,
        t1_0.tprice,
        t1_0.update_at 
    from
        tbl_tours t1_0 
    left join
        tour_tour_image_list til1_0 
            on t1_0.tno=til1_0.tour_tno 
    where
        t1_0.tno=?
Hibernate: 
    insert 
    into
        tbl_tour_date
        (available_capacity, tour_no, tour_date) 
    values
        (?, ?, ?)
Hibernate: 
    select
        t1_0.tno,
        t1_0.category_no,
        t1_0.create_at,
        t1_0.del_flag,
        t1_0.like_count,
        t1_0.max_capacity,
        t1_0.taddress,
        t1_0.tdesc,
        t1_0.tlocation,
        t1_0.tname,
        til1_0.tour_tno,
        til1_0.category_name,
        til1_0.file_name,
        til1_0.ord,
        t1_0.tprice,
        t1_0.update_at 
    from
        tbl_tours t1_0 
    left join
        tour_tour_image_list til1_0 
            on t1_0.tno=til1_0.tour_tno 
    where
        t1_0.tno=?
Hibernate: 
    insert 
    into
        tbl_tour_date
        (available_capacity, tour_no, tour_date) 
    values
        (?, ?, ?)
Hibernate: 
    select
        t1_0.tno,
        t1_0.category_no,
        t1_0.create_at,
        t1_0.del_flag,
        t1_0.like_count,
        t1_0.max_capacity,
        t1_0.taddress,
        t1_0.tdesc,
        t1_0.tlocation,
        t1_0.tname,
        til1_0.tour_tno,
        til1_0.category_name,
        til1_0.file_name,
        til1_0.ord,
        t1_0.tprice,
        t1_0.update_at 
    from
        tbl_tours t1_0 
    left join
        tour_tour_image_list til1_0 
            on t1_0.tno=til1_0.tour_tno 
    where
        t1_0.tno=?
Hibernate: 
    insert 
    into
        tbl_tour_date
        (available_capacity, tour_no, tour_date) 
    values
        (?, ?, ?)
Hibernate: 
    select
        t1_0.tno,
        t1_0.category_no,
        t1_0.create_at,
        t1_0.del_flag,
        t1_0.like_count,
        t1_0.max_capacity,
        t1_0.taddress,
        t1_0.tdesc,
        t1_0.tlocation,
        t1_0.tname,
        til1_0.tour_tno,
        til1_0.category_name,
        til1_0.file_name,
        til1_0.ord,
        t1_0.tprice,
        t1_0.update_at 
    from
        tbl_tours t1_0 
    left join
        tour_tour_image_list til1_0 
            on t1_0.tno=til1_0.tour_tno 
    where
        t1_0.tno=?
Hibernate: 
    insert 
    into
        tbl_tour_date
        (available_capacity, tour_no, tour_date) 
    values
        (?, ?, ?)
Hibernate: 
    select
        t1_0.tno,
        t1_0.category_no,
        t1_0.create_at,
        t1_0.del_flag,
        t1_0.like_count,
        t1_0.max_capacity,
        t1_0.taddress,
        t1_0.tdesc,
        t1_0.tlocation,
        t1_0.tname,
        til1_0.tour_tno,
        til1_0.category_name,
        til1_0.file_name,
        til1_0.ord,
        t1_0.tprice,
        t1_0.update_at 
    from
        tbl_tours t1_0 
    left join
        tour_tour_image_list til1_0 
            on t1_0.tno=til1_0.tour_tno 
    where
        t1_0.tno=?
Hibernate: 
    insert 
    into
        tbl_tour_date
        (available_capacity, tour_no, tour_date) 
    values
        (?, ?, ?)
Hibernate: 
    select
        t1_0.tno,
        t1_0.category_no,
        t1_0.create_at,
        t1_0.del_flag,
        t1_0.like_count,
        t1_0.max_capacity,
        t1_0.taddress,
        t1_0.tdesc,
        t1_0.tlocation,
        t1_0.tname,
        til1_0.tour_tno,
        til1_0.category_name,
        til1_0.file_name,
        til1_0.ord,
        t1_0.tprice,
        t1_0.update_at 
    from
        tbl_tours t1_0 
    left join
        tour_tour_image_list til1_0 
            on t1_0.tno=til1_0.tour_tno 
    where
        t1_0.tno=?
Hibernate: 
    insert 
    into
        tbl_tour_date
        (available_capacity, tour_no, tour_date) 
    values
        (?, ?, ?)
Hibernate: 
    select
        t1_0.tno,
        t1_0.category_no,
        t1_0.create_at,
        t1_0.del_flag,
        t1_0.like_count,
        t1_0.max_capacity,
        t1_0.taddress,
        t1_0.tdesc,
        t1_0.tlocation,
        t1_0.tname,
        til1_0.tour_tno,
        til1_0.category_name,
        til1_0.file_name,
        til1_0.ord,
        t1_0.tprice,
        t1_0.update_at 
    from
        tbl_tours t1_0 
    left join
        tour_tour_image_list til1_0 
            on t1_0.tno=til1_0.tour_tno 
    where
        t1_0.tno=?
Hibernate: 
    insert 
    into
        tbl_tour_date
        (available_capacity, tour_no, tour_date) 
    values
        (?, ?, ?)
Hibernate: 
    select
        t1_0.tno,
        t1_0.category_no,
        t1_0.create_at,
        t1_0.del_flag,
        t1_0.like_count,
        t1_0.max_capacity,
        t1_0.taddress,
        t1_0.tdesc,
        t1_0.tlocation,
        t1_0.tname,
        til1_0.tour_tno,
        til1_0.category_name,
        til1_0.file_name,
        til1_0.ord,
        t1_0.tprice,
        t1_0.update_at 
    from
        tbl_tours t1_0 
    left join
        tour_tour_image_list til1_0 
            on t1_0.tno=til1_0.tour_tno 
    where
        t1_0.tno=?
Hibernate: 
    insert 
    into
        tbl_tour_date
        (available_capacity, tour_no, tour_date) 
    values
        (?, ?, ?)
Hibernate: 
    select
        t1_0.tno,
        t1_0.category_no,
        t1_0.create_at,
        t1_0.del_flag,
        t1_0.like_count,
        t1_0.max_capacity,
        t1_0.taddress,
        t1_0.tdesc,
        t1_0.tlocation,
        t1_0.tname,
        til1_0.tour_tno,
        til1_0.category_name,
        til1_0.file_name,
        til1_0.ord,
        t1_0.tprice,
        t1_0.update_at 
    from
        tbl_tours t1_0 
    left join
        tour_tour_image_list til1_0 
            on t1_0.tno=til1_0.tour_tno 
    where
        t1_0.tno=?
Hibernate: 
    insert 
    into
        tbl_tour_date
        (available_capacity, tour_no, tour_date) 
    values
        (?, ?, ?)
Hibernate: 
    select
        t1_0.tno,
        t1_0.category_no,
        t1_0.create_at,
        t1_0.del_flag,
        t1_0.like_count,
        t1_0.max_capacity,
        t1_0.taddress,
        t1_0.tdesc,
        t1_0.tlocation,
        t1_0.tname,
        til1_0.tour_tno,
        til1_0.category_name,
        til1_0.file_name,
        til1_0.ord,
        t1_0.tprice,
        t1_0.update_at 
    from
        tbl_tours t1_0 
    left join
        tour_tour_image_list til1_0 
            on t1_0.tno=til1_0.tour_tno 
    where
        t1_0.tno=?
Hibernate: 
    insert 
    into
        tbl_tour_date
        (available_capacity, tour_no, tour_date) 
    values
        (?, ?, ?)
Hibernate: 
    select
        t1_0.tno,
        t1_0.category_no,
        t1_0.create_at,
        t1_0.del_flag,
        t1_0.like_count,
        t1_0.max_capacity,
        t1_0.taddress,
        t1_0.tdesc,
        t1_0.tlocation,
        t1_0.tname,
        til1_0.tour_tno,
        til1_0.category_name,
        til1_0.file_name,
        til1_0.ord,
        t1_0.tprice,
        t1_0.update_at 
    from
        tbl_tours t1_0 
    left join
        tour_tour_image_list til1_0 
            on t1_0.tno=til1_0.tour_tno 
    where
        t1_0.tno=?
Hibernate: 
    insert 
    into
        tbl_tour_date
        (available_capacity, tour_no, tour_date) 
    values
        (?, ?, ?)
Hibernate: 
    select
        t1_0.tno,
        t1_0.category_no,
        t1_0.create_at,
        t1_0.del_flag,
        t1_0.like_count,
        t1_0.max_capacity,
        t1_0.taddress,
        t1_0.tdesc,
        t1_0.tlocation,
        t1_0.tname,
        til1_0.tour_tno,
        til1_0.category_name,
        til1_0.file_name,
        til1_0.ord,
        t1_0.tprice,
        t1_0.update_at 
    from
        tbl_tours t1_0 
    left join
        tour_tour_image_list til1_0 
            on t1_0.tno=til1_0.tour_tno 
    where
        t1_0.tno=?
Hibernate: 
    insert 
    into
        tbl_tour_date
        (available_capacity, tour_no, tour_date) 
    values
        (?, ?, ?)
Hibernate: 
    select
        t1_0.tno,
        t1_0.category_no,
        t1_0.create_at,
        t1_0.del_flag,
        t1_0.like_count,
        t1_0.max_capacity,
        t1_0.taddress,
        t1_0.tdesc,
        t1_0.tlocation,
        t1_0.tname,
        til1_0.tour_tno,
        til1_0.category_name,
        til1_0.file_name,
        til1_0.ord,
        t1_0.tprice,
        t1_0.update_at 
    from
        tbl_tours t1_0 
    left join
        tour_tour_image_list til1_0 
            on t1_0.tno=til1_0.tour_tno 
    where
        t1_0.tno=?
Hibernate: 
    insert 
    into
        tbl_tour_date
        (available_capacity, tour_no, tour_date) 
    values
        (?, ?, ?)
Hibernate: 
    select
        t1_0.tno,
        t1_0.category_no,
        t1_0.create_at,
        t1_0.del_flag,
        t1_0.like_count,
        t1_0.max_capacity,
        t1_0.taddress,
        t1_0.tdesc,
        t1_0.tlocation,
        t1_0.tname,
        til1_0.tour_tno,
        til1_0.category_name,
        til1_0.file_name,
        til1_0.ord,
        t1_0.tprice,
        t1_0.update_at 
    from
        tbl_tours t1_0 
    left join
        tour_tour_image_list til1_0 
            on t1_0.tno=til1_0.tour_tno 
    where
        t1_0.tno=?
Hibernate: 
    insert 
    into
        tbl_tour_date
        (available_capacity, tour_no, tour_date) 
    values
        (?, ?, ?)
Hibernate: 
    select
        t1_0.tno,
        t1_0.category_no,
        t1_0.create_at,
        t1_0.del_flag,
        t1_0.like_count,
        t1_0.max_capacity,
        t1_0.taddress,
        t1_0.tdesc,
        t1_0.tlocation,
        t1_0.tname,
        til1_0.tour_tno,
        til1_0.category_name,
        til1_0.file_name,
        til1_0.ord,
        t1_0.tprice,
        t1_0.update_at 
    from
        tbl_tours t1_0 
    left join
        tour_tour_image_list til1_0 
            on t1_0.tno=til1_0.tour_tno 
    where
        t1_0.tno=?
Hibernate: 
    insert 
    into
        tbl_tour_date
        (available_capacity, tour_no, tour_date) 
    values
        (?, ?, ?)
Hibernate: 
    select
        t1_0.tno,
        t1_0.category_no,
        t1_0.create_at,
        t1_0.del_flag,
        t1_0.like_count,
        t1_0.max_capacity,
        t1_0.taddress,
        t1_0.tdesc,
        t1_0.tlocation,
        t1_0.tname,
        til1_0.tour_tno,
        til1_0.category_name,
        til1_0.file_name,
        til1_0.ord,
        t1_0.tprice,
        t1_0.update_at 
    from
        tbl_tours t1_0 
    left join
        tour_tour_image_list til1_0 
            on t1_0.tno=til1_0.tour_tno 
    where
        t1_0.tno=?
Hibernate: 
    insert 
    into
        tbl_tour_date
        (available_capacity, tour_no, tour_date) 
    values
        (?, ?, ?)
Hibernate: 
    select
        t1_0.tno,
        t1_0.category_no,
        t1_0.create_at,
        t1_0.del_flag,
        t1_0.like_count,
        t1_0.max_capacity,
        t1_0.taddress,
        t1_0.tdesc,
        t1_0.tlocation,
        t1_0.tname,
        til1_0.tour_tno,
        til1_0.category_name,
        til1_0.file_name,
        til1_0.ord,
        t1_0.tprice,
        t1_0.update_at 
    from
        tbl_tours t1_0 
    left join
        tour_tour_image_list til1_0 
            on t1_0.tno=til1_0.tour_tno 
    where
        t1_0.tno=?
Hibernate: 
    insert 
    into
        tbl_tour_date
        (available_capacity, tour_no, tour_date) 
    values
        (?, ?, ?)
Hibernate: 
    select
        t1_0.tno,
        t1_0.category_no,
        t1_0.create_at,
        t1_0.del_flag,
        t1_0.like_count,
        t1_0.max_capacity,
        t1_0.taddress,
        t1_0.tdesc,
        t1_0.tlocation,
        t1_0.tname,
        til1_0.tour_tno,
        til1_0.category_name,
        til1_0.file_name,
        til1_0.ord,
        t1_0.tprice,
        t1_0.update_at 
    from
        tbl_tours t1_0 
    left join
        tour_tour_image_list til1_0 
            on t1_0.tno=til1_0.tour_tno 
    where
        t1_0.tno=?
Hibernate: 
    insert 
    into
        tbl_tour_date
        (available_capacity, tour_no, tour_date) 
    values
        (?, ?, ?)
Hibernate: 
    select
        t1_0.tno,
        t1_0.category_no,
        t1_0.create_at,
        t1_0.del_flag,
        t1_0.like_count,
        t1_0.max_capacity,
        t1_0.taddress,
        t1_0.tdesc,
        t1_0.tlocation,
        t1_0.tname,
        til1_0.tour_tno,
        til1_0.category_name,
        til1_0.file_name,
        til1_0.ord,
        t1_0.tprice,
        t1_0.update_at 
    from
        tbl_tours t1_0 
    left join
        tour_tour_image_list til1_0 
            on t1_0.tno=til1_0.tour_tno 
    where
        t1_0.tno=?
Hibernate: 
    insert 
    into
        tbl_tour_date
        (available_capacity, tour_no, tour_date) 
    values
        (?, ?, ?)
Hibernate: 
    select
        t1_0.tno,
        t1_0.category_no,
        t1_0.create_at,
        t1_0.del_flag,
        t1_0.like_count,
        t1_0.max_capacity,
        t1_0.taddress,
        t1_0.tdesc,
        t1_0.tlocation,
        t1_0.tname,
        til1_0.tour_tno,
        til1_0.category_name,
        til1_0.file_name,
        til1_0.ord,
        t1_0.tprice,
        t1_0.update_at 
    from
        tbl_tours t1_0 
    left join
        tour_tour_image_list til1_0 
            on t1_0.tno=til1_0.tour_tno 
    where
        t1_0.tno=?
Hibernate: 
    insert 
    into
        tbl_tour_date
        (available_capacity, tour_no, tour_date) 
    values
        (?, ?, ?)
Hibernate: 
    select
        t1_0.tno,
        t1_0.category_no,
        t1_0.create_at,
        t1_0.del_flag,
        t1_0.like_count,
        t1_0.max_capacity,
        t1_0.taddress,
        t1_0.tdesc,
        t1_0.tlocation,
        t1_0.tname,
        til1_0.tour_tno,
        til1_0.category_name,
        til1_0.file_name,
        til1_0.ord,
        t1_0.tprice,
        t1_0.update_at 
    from
        tbl_tours t1_0 
    left join
        tour_tour_image_list til1_0 
            on t1_0.tno=til1_0.tour_tno 
    where
        t1_0.tno=?
Hibernate: 
    insert 
    into
        tbl_tour_date
        (available_capacity, tour_no, tour_date) 
    values
        (?, ?, ?)
Hibernate: 
    select
        t1_0.tno,
        t1_0.category_no,
        t1_0.create_at,
        t1_0.del_flag,
        t1_0.like_count,
        t1_0.max_capacity,
        t1_0.taddress,
        t1_0.tdesc,
        t1_0.tlocation,
        t1_0.tname,
        til1_0.tour_tno,
        til1_0.category_name,
        til1_0.file_name,
        til1_0.ord,
        t1_0.tprice,
        t1_0.update_at 
    from
        tbl_tours t1_0 
    left join
        tour_tour_image_list til1_0 
            on t1_0.tno=til1_0.tour_tno 
    where
        t1_0.tno=?
Hibernate: 
    insert 
    into
        tbl_tour_date
        (available_capacity, tour_no, tour_date) 
    values
        (?, ?, ?)
Hibernate: 
    select
        t1_0.tno,
        t1_0.category_no,
        t1_0.create_at,
        t1_0.del_flag,
        t1_0.like_count,
        t1_0.max_capacity,
        t1_0.taddress,
        t1_0.tdesc,
        t1_0.tlocation,
        t1_0.tname,
        til1_0.tour_tno,
        til1_0.category_name,
        til1_0.file_name,
        til1_0.ord,
        t1_0.tprice,
        t1_0.update_at 
    from
        tbl_tours t1_0 
    left join
        tour_tour_image_list til1_0 
            on t1_0.tno=til1_0.tour_tno 
    where
        t1_0.tno=?
Hibernate: 
    insert 
    into
        tbl_tour_date
        (available_capacity, tour_no, tour_date) 
    values
        (?, ?, ?)
Hibernate: 
    select
        t1_0.tno,
        t1_0.category_no,
        t1_0.create_at,
        t1_0.del_flag,
        t1_0.like_count,
        t1_0.max_capacity,
        t1_0.taddress,
        t1_0.tdesc,
        t1_0.tlocation,
        t1_0.tname,
        til1_0.tour_tno,
        til1_0.category_name,
        til1_0.file_name,
        til1_0.ord,
        t1_0.tprice,
        t1_0.update_at 
    from
        tbl_tours t1_0 
    left join
        tour_tour_image_list til1_0 
            on t1_0.tno=til1_0.tour_tno 
    where
        t1_0.tno=?
Hibernate: 
    insert 
    into
        tbl_tour_date
        (available_capacity, tour_no, tour_date) 
    values
        (?, ?, ?)
Hibernate: 
    select
        t1_0.tno,
        t1_0.category_no,
        t1_0.create_at,
        t1_0.del_flag,
        t1_0.like_count,
        t1_0.max_capacity,
        t1_0.taddress,
        t1_0.tdesc,
        t1_0.tlocation,
        t1_0.tname,
        til1_0.tour_tno,
        til1_0.category_name,
        til1_0.file_name,
        til1_0.ord,
        t1_0.tprice,
        t1_0.update_at 
    from
        tbl_tours t1_0 
    left join
        tour_tour_image_list til1_0 
            on t1_0.tno=til1_0.tour_tno 
    where
        t1_0.tno=?
Hibernate: 
    insert 
    into
        tbl_tour_date
        (available_capacity, tour_no, tour_date) 
    values
        (?, ?, ?)
Hibernate: 
    select
        t1_0.tno,
        t1_0.category_no,
        t1_0.create_at,
        t1_0.del_flag,
        t1_0.like_count,
        t1_0.max_capacity,
        t1_0.taddress,
        t1_0.tdesc,
        t1_0.tlocation,
        t1_0.tname,
        til1_0.tour_tno,
        til1_0.category_name,
[...]
Hibernate: 
    select
        t1_0.tno,
        t1_0.category_no,
        t1_0.create_at,
        t1_0.del_flag,
        t1_0.like_count,
        t1_0.max_capacity,
        t1_0.taddress,
        t1_0.tdesc,
        t1_0.tlocation,
        t1_0.tname,
        til1_0.tour_tno,
        til1_0.category_name,
        til1_0.file_name,
        til1_0.ord,
        t1_0.tprice,
        t1_0.update_at 
    from
        tbl_tours t1_0 
    left join
        tour_tour_image_list til1_0 
            on t1_0.tno=til1_0.tour_tno 
    where
        t1_0.tno=?
Hibernate: 
    insert 
    into
        tbl_tour_date
        (available_capacity, tour_no, tour_date) 
    values
        (?, ?, ?)
Hibernate: 
    select
        t1_0.tno,
        t1_0.category_no,
        t1_0.create_at,
        t1_0.del_flag,
        t1_0.like_count,
        t1_0.max_capacity,
        t1_0.taddress,
        t1_0.tdesc,
        t1_0.tlocation,
        t1_0.tname,
        til1_0.tour_tno,
        til1_0.category_name,
        til1_0.file_name,
        til1_0.ord,
        t1_0.tprice,
        t1_0.update_at 
    from
        tbl_tours t1_0 
    left join
        tour_tour_image_list til1_0 
            on t1_0.tno=til1_0.tour_tno 
    where
        t1_0.tno=?
Hibernate: 
    insert 
    into
        tbl_tour_date
        (available_capacity, tour_no, tour_date) 
    values
        (?, ?, ?)
Hibernate: 
    select
        t1_0.tno,
        t1_0.category_no,
        t1_0.create_at,
        t1_0.del_flag,
        t1_0.like_count,
        t1_0.max_capacity,
        t1_0.taddress,
        t1_0.tdesc,
        t1_0.tlocation,
        t1_0.tname,
        til1_0.tour_tno,
        til1_0.category_name,
        til1_0.file_name,
        til1_0.ord,
        t1_0.tprice,
        t1_0.update_at 
    from
        tbl_tours t1_0 
    left join
        tour_tour_image_list til1_0 
            on t1_0.tno=til1_0.tour_tno 
    where
        t1_0.tno=?
Hibernate: 
    insert 
    into
        tbl_tour_date
        (available_capacity, tour_no, tour_date) 
    values
        (?, ?, ?)
Hibernate: 
    select
        t1_0.tno,
        t1_0.category_no,
        t1_0.create_at,
        t1_0.del_flag,
        t1_0.like_count,
        t1_0.max_capacity,
        t1_0.taddress,
        t1_0.tdesc,
        t1_0.tlocation,
        t1_0.tname,
        til1_0.tour_tno,
        til1_0.category_name,
        til1_0.file_name,
        til1_0.ord,
        t1_0.tprice,
        t1_0.update_at 
    from
        tbl_tours t1_0 
    left join
        tour_tour_image_list til1_0 
            on t1_0.tno=til1_0.tour_tno 
    where
        t1_0.tno=?
Hibernate: 
    insert 
    into
        tbl_tour_date
        (available_capacity, tour_no, tour_date) 
    values
        (?, ?, ?)
Hibernate: 
    select
        t1_0.tno,
        t1_0.category_no,
        t1_0.create_at,
        t1_0.del_flag,
        t1_0.like_count,
        t1_0.max_capacity,
        t1_0.taddress,
        t1_0.tdesc,
        t1_0.tlocation,
        t1_0.tname,
        til1_0.tour_tno,
        til1_0.category_name,
        til1_0.file_name,
        til1_0.ord,
        t1_0.tprice,
        t1_0.update_at 
    from
        tbl_tours t1_0 
    left join
        tour_tour_image_list til1_0 
            on t1_0.tno=til1_0.tour_tno 
    where
        t1_0.tno=?
Hibernate: 
    insert 
    into
        tbl_tour_date
        (available_capacity, tour_no, tour_date) 
    values
        (?, ?, ?)
Hibernate: 
    select
        t1_0.tno,
        t1_0.category_no,
        t1_0.create_at,
        t1_0.del_flag,
        t1_0.like_count,
        t1_0.max_capacity,
        t1_0.taddress,
        t1_0.tdesc,
        t1_0.tlocation,
        t1_0.tname,
        til1_0.tour_tno,
        til1_0.category_name,
        til1_0.file_name,
        til1_0.ord,
        t1_0.tprice,
        t1_0.update_at 
    from
        tbl_tours t1_0 
    left join
        tour_tour_image_list til1_0 
            on t1_0.tno=til1_0.tour_tno 
    where
        t1_0.tno=?
Hibernate: 
    insert 
    into
        tbl_tour_date
        (available_capacity, tour_no, tour_date) 
    values
        (?, ?, ?)
Hibernate: 
    select
        t1_0.tno,
        t1_0.category_no,
        t1_0.create_at,
        t1_0.del_flag,
        t1_0.like_count,
        t1_0.max_capacity,
        t1_0.taddress,
        t1_0.tdesc,
        t1_0.tlocation,
        t1_0.tname,
        til1_0.tour_tno,
        til1_0.category_name,
        til1_0.file_name,
        til1_0.ord,
        t1_0.tprice,
        t1_0.update_at 
    from
        tbl_tours t1_0 
    left join
        tour_tour_image_list til1_0 
            on t1_0.tno=til1_0.tour_tno 
    where
        t1_0.tno=?
Hibernate: 
    insert 
    into
        tbl_tour_date
        (available_capacity, tour_no, tour_date) 
    values
        (?, ?, ?)
Hibernate: 
    select
        t1_0.tno,
        t1_0.category_no,
        t1_0.create_at,
        t1_0.del_flag,
        t1_0.like_count,
        t1_0.max_capacity,
        t1_0.taddress,
        t1_0.tdesc,
        t1_0.tlocation,
        t1_0.tname,
        til1_0.tour_tno,
        til1_0.category_name,
        til1_0.file_name,
        til1_0.ord,
        t1_0.tprice,
        t1_0.update_at 
    from
        tbl_tours t1_0 
    left join
        tour_tour_image_list til1_0 
            on t1_0.tno=til1_0.tour_tno 
    where
        t1_0.tno=?
Hibernate: 
    insert 
    into
        tbl_tour_date
        (available_capacity, tour_no, tour_date) 
    values
        (?, ?, ?)
Hibernate: 
    select
        t1_0.tno,
        t1_0.category_no,
        t1_0.create_at,
        t1_0.del_flag,
        t1_0.like_count,
        t1_0.max_capacity,
        t1_0.taddress,
        t1_0.tdesc,
        t1_0.tlocation,
        t1_0.tname,
        til1_0.tour_tno,
        til1_0.category_name,
        til1_0.file_name,
        til1_0.ord,
        t1_0.tprice,
        t1_0.update_at 
    from
        tbl_tours t1_0 
    left join
        tour_tour_image_list til1_0 
            on t1_0.tno=til1_0.tour_tno 
    where
        t1_0.tno=?
Hibernate: 
    insert 
    into
        tbl_tour_date
        (available_capacity, tour_no, tour_date) 
    values
        (?, ?, ?)
Hibernate: 
    select
        t1_0.tno,
        t1_0.category_no,
        t1_0.create_at,
        t1_0.del_flag,
        t1_0.like_count,
        t1_0.max_capacity,
        t1_0.taddress,
        t1_0.tdesc,
        t1_0.tlocation,
        t1_0.tname,
        til1_0.tour_tno,
        til1_0.category_name,
        til1_0.file_name,
        til1_0.ord,
        t1_0.tprice,
        t1_0.update_at 
    from
        tbl_tours t1_0 
    left join
        tour_tour_image_list til1_0 
            on t1_0.tno=til1_0.tour_tno 
    where
        t1_0.tno=?
Hibernate: 
    insert 
    into
        tbl_tour_date
        (available_capacity, tour_no, tour_date) 
    values
        (?, ?, ?)
Hibernate: 
    select
        t1_0.tno,
        t1_0.category_no,
        t1_0.create_at,
        t1_0.del_flag,
        t1_0.like_count,
        t1_0.max_capacity,
        t1_0.taddress,
        t1_0.tdesc,
        t1_0.tlocation,
        t1_0.tname,
        til1_0.tour_tno,
        til1_0.category_name,
        til1_0.file_name,
        til1_0.ord,
        t1_0.tprice,
        t1_0.update_at 
    from
        tbl_tours t1_0 
    left join
        tour_tour_image_list til1_0 
            on t1_0.tno=til1_0.tour_tno 
    where
        t1_0.tno=?
Hibernate: 
    insert 
    into
        tbl_tour_date
        (available_capacity, tour_no, tour_date) 
    values
        (?, ?, ?)
Hibernate: 
    select
        t1_0.tno,
        t1_0.category_no,
        t1_0.create_at,
        t1_0.del_flag,
        t1_0.like_count,
        t1_0.max_capacity,
        t1_0.taddress,
        t1_0.tdesc,
        t1_0.tlocation,
        t1_0.tname,
        til1_0.tour_tno,
        til1_0.category_name,
        til1_0.file_name,
        til1_0.ord,
        t1_0.tprice,
        t1_0.update_at 
    from
        tbl_tours t1_0 
    left join
        tour_tour_image_list til1_0 
            on t1_0.tno=til1_0.tour_tno 
    where
        t1_0.tno=?
Hibernate: 
    insert 
    into
        tbl_tour_date
        (available_capacity, tour_no, tour_date) 
    values
        (?, ?, ?)
Hibernate: 
    select
        t1_0.tno,
        t1_0.category_no,
        t1_0.create_at,
        t1_0.del_flag,
        t1_0.like_count,
        t1_0.max_capacity,
        t1_0.taddress,
        t1_0.tdesc,
        t1_0.tlocation,
        t1_0.tname,
        til1_0.tour_tno,
        til1_0.category_name,
        til1_0.file_name,
        til1_0.ord,
        t1_0.tprice,
        t1_0.update_at 
    from
        tbl_tours t1_0 
    left join
        tour_tour_image_list til1_0 
            on t1_0.tno=til1_0.tour_tno 
    where
        t1_0.tno=?
Hibernate: 
    insert 
    into
        tbl_tour_date
        (available_capacity, tour_no, tour_date) 
    values
        (?, ?, ?)
Hibernate: 
    select
        t1_0.tno,
        t1_0.category_no,
        t1_0.create_at,
        t1_0.del_flag,
        t1_0.like_count,
        t1_0.max_capacity,
        t1_0.taddress,
        t1_0.tdesc,
        t1_0.tlocation,
        t1_0.tname,
        til1_0.tour_tno,
        til1_0.category_name,
        til1_0.file_name,
        til1_0.ord,
        t1_0.tprice,
        t1_0.update_at 
    from
        tbl_tours t1_0 
    left join
        tour_tour_image_list til1_0 
            on t1_0.tno=til1_0.tour_tno 
    where
        t1_0.tno=?
Hibernate: 
    insert 
    into
        tbl_tour_date
        (available_capacity, tour_no, tour_date) 
    values
        (?, ?, ?)
Hibernate: 
    select
        t1_0.tno,
        t1_0.category_no,
        t1_0.create_at,
        t1_0.del_flag,
        t1_0.like_count,
        t1_0.max_capacity,
        t1_0.taddress,
        t1_0.tdesc,
        t1_0.tlocation,
        t1_0.tname,
        til1_0.tour_tno,
        til1_0.category_name,
        til1_0.file_name,
        til1_0.ord,
        t1_0.tprice,
        t1_0.update_at 
    from
        tbl_tours t1_0 
    left join
        tour_tour_image_list til1_0 
            on t1_0.tno=til1_0.tour_tno 
    where
        t1_0.tno=?
Hibernate: 
    insert 
    into
        tbl_tour_date
        (available_capacity, tour_no, tour_date) 
    values
        (?, ?, ?)
Hibernate: 
    select
        t1_0.tno,
        t1_0.category_no,
        t1_0.create_at,
        t1_0.del_flag,
        t1_0.like_count,
        t1_0.max_capacity,
        t1_0.taddress,
        t1_0.tdesc,
        t1_0.tlocation,
        t1_0.tname,
        til1_0.tour_tno,
        til1_0.category_name,
        til1_0.file_name,
        til1_0.ord,
        t1_0.tprice,
        t1_0.update_at 
    from
        tbl_tours t1_0 
    left join
        tour_tour_image_list til1_0 
            on t1_0.tno=til1_0.tour_tno 
    where
        t1_0.tno=?
Hibernate: 
    insert 
    into
        tbl_tour_date
        (available_capacity, tour_no, tour_date) 
    values
        (?, ?, ?)
Hibernate: 
    select
        t1_0.tno,
        t1_0.category_no,
        t1_0.create_at,
        t1_0.del_flag,
        t1_0.like_count,
        t1_0.max_capacity,
        t1_0.taddress,
        t1_0.tdesc,
        t1_0.tlocation,
        t1_0.tname,
        til1_0.tour_tno,
        til1_0.category_name,
        til1_0.file_name,
        til1_0.ord,
        t1_0.tprice,
        t1_0.update_at 
    from
        tbl_tours t1_0 
    left join
        tour_tour_image_list til1_0 
            on t1_0.tno=til1_0.tour_tno 
    where
        t1_0.tno=?
Hibernate: 
    insert 
    into
        tbl_tour_date
        (available_capacity, tour_no, tour_date) 
    values
        (?, ?, ?)
Hibernate: 
    select
        t1_0.tno,
        t1_0.category_no,
        t1_0.create_at,
        t1_0.del_flag,
        t1_0.like_count,
        t1_0.max_capacity,
        t1_0.taddress,
        t1_0.tdesc,
        t1_0.tlocation,
        t1_0.tname,
        til1_0.tour_tno,
        til1_0.category_name,
        til1_0.file_name,
        til1_0.ord,
        t1_0.tprice,
        t1_0.update_at 
    from
        tbl_tours t1_0 
    left join
        tour_tour_image_list til1_0 
            on t1_0.tno=til1_0.tour_tno 
    where
        t1_0.tno=?
Hibernate: 
    insert 
    into
        tbl_tour_date
        (available_capacity, tour_no, tour_date) 
    values
        (?, ?, ?)
Hibernate: 
    select
        t1_0.tno,
        t1_0.category_no,
        t1_0.create_at,
        t1_0.del_flag,
        t1_0.like_count,
        t1_0.max_capacity,
        t1_0.taddress,
        t1_0.tdesc,
        t1_0.tlocation,
        t1_0.tname,
        til1_0.tour_tno,
        til1_0.category_name,
        til1_0.file_name,
        til1_0.ord,
        t1_0.tprice,
        t1_0.update_at 
    from
        tbl_tours t1_0 
    left join
        tour_tour_image_list til1_0 
            on t1_0.tno=til1_0.tour_tno 
    where
        t1_0.tno=?
Hibernate: 
    insert 
    into
        tbl_tour_date
        (available_capacity, tour_no, tour_date) 
    values
        (?, ?, ?)
Hibernate: 
    select
        t1_0.tno,
        t1_0.category_no,
        t1_0.create_at,
        t1_0.del_flag,
        t1_0.like_count,
        t1_0.max_capacity,
        t1_0.taddress,
        t1_0.tdesc,
        t1_0.tlocation,
        t1_0.tname,
        til1_0.tour_tno,
        til1_0.category_name,
        til1_0.file_name,
        til1_0.ord,
        t1_0.tprice,
        t1_0.update_at 
    from
        tbl_tours t1_0 
    left join
        tour_tour_image_list til1_0 
            on t1_0.tno=til1_0.tour_tno 
    where
        t1_0.tno=?
Hibernate: 
    insert 
    into
        tbl_tour_date
        (available_capacity, tour_no, tour_date) 
    values
        (?, ?, ?)
Hibernate: 
    select
        t1_0.tno,
        t1_0.category_no,
        t1_0.create_at,
        t1_0.del_flag,
        t1_0.like_count,
        t1_0.max_capacity,
        t1_0.taddress,
        t1_0.tdesc,
        t1_0.tlocation,
        t1_0.tname,
        til1_0.tour_tno,
        til1_0.category_name,
        til1_0.file_name,
        til1_0.ord,
        t1_0.tprice,
        t1_0.update_at 
    from
        tbl_tours t1_0 
    left join
        tour_tour_image_list til1_0 
            on t1_0.tno=til1_0.tour_tno 
    where
        t1_0.tno=?
Hibernate: 
    insert 
    into
        tbl_tour_date
        (available_capacity, tour_no, tour_date) 
    values
        (?, ?, ?)
Hibernate: 
    select
        t1_0.tno,
        t1_0.category_no,
        t1_0.create_at,
        t1_0.del_flag,
        t1_0.like_count,
        t1_0.max_capacity,
        t1_0.taddress,
        t1_0.tdesc,
        t1_0.tlocation,
        t1_0.tname,
        til1_0.tour_tno,
        til1_0.category_name,
        til1_0.file_name,
        til1_0.ord,
        t1_0.tprice,
        t1_0.update_at 
    from
        tbl_tours t1_0 
    left join
        tour_tour_image_list til1_0 
            on t1_0.tno=til1_0.tour_tno 
    where
        t1_0.tno=?
Hibernate: 
    insert 
    into
        tbl_tour_date
        (available_capacity, tour_no, tour_date) 
    values
        (?, ?, ?)
Hibernate: 
    select
        t1_0.tno,
        t1_0.category_no,
        t1_0.create_at,
        t1_0.del_flag,
        t1_0.like_count,
        t1_0.max_capacity,
        t1_0.taddress,
        t1_0.tdesc,
        t1_0.tlocation,
        t1_0.tname,
        til1_0.tour_tno,
        til1_0.category_name,
        til1_0.file_name,
        til1_0.ord,
        t1_0.tprice,
        t1_0.update_at 
    from
        tbl_tours t1_0 
    left join
        tour_tour_image_list til1_0 
            on t1_0.tno=til1_0.tour_tno 
    where
        t1_0.tno=?
Hibernate: 
    insert 
    into
        tbl_tour_date
        (available_capacity, tour_no, tour_date) 
    values
        (?, ?, ?)
Hibernate: 
    select
        t1_0.tno,
        t1_0.category_no,
        t1_0.create_at,
        t1_0.del_flag,
        t1_0.like_count,
        t1_0.max_capacity,
        t1_0.taddress,
        t1_0.tdesc,
        t1_0.tlocation,
        t1_0.tname,
        til1_0.tour_tno,
        til1_0.category_name,
        til1_0.file_name,
        til1_0.ord,
        t1_0.tprice,
        t1_0.update_at 
    from
        tbl_tours t1_0 
    left join
        tour_tour_image_list til1_0 
            on t1_0.tno=til1_0.tour_tno 
    where
        t1_0.tno=?
Hibernate: 
    insert 
    into
        tbl_tour_date
        (available_capacity, tour_no, tour_date) 
    values
        (?, ?, ?)
Hibernate: 
    select
        t1_0.tno,
        t1_0.category_no,
        t1_0.create_at,
        t1_0.del_flag,
        t1_0.like_count,
        t1_0.max_capacity,
        t1_0.taddress,
        t1_0.tdesc,
        t1_0.tlocation,
        t1_0.tname,
        til1_0.tour_tno,
        til1_0.category_name,
        til1_0.file_name,
        til1_0.ord,
        t1_0.tprice,
        t1_0.update_at 
    from
        tbl_tours t1_0 
    left join
        tour_tour_image_list til1_0 
            on t1_0.tno=til1_0.tour_tno 
    where
        t1_0.tno=?
Hibernate: 
    insert 
    into
        tbl_tour_date
        (available_capacity, tour_no, tour_date) 
    values
        (?, ?, ?)
Hibernate: 
    select
        t1_0.tno,
        t1_0.category_no,
        t1_0.create_at,
        t1_0.del_flag,
        t1_0.like_count,
        t1_0.max_capacity,
        t1_0.taddress,
        t1_0.tdesc,
        t1_0.tlocation,
        t1_0.tname,
        til1_0.tour_tno,
        til1_0.category_name,
        til1_0.file_name,
        til1_0.ord,
        t1_0.tprice,
        t1_0.update_at 
    from
        tbl_tours t1_0 
    left join
        tour_tour_image_list til1_0 
            on t1_0.tno=til1_0.tour_tno 
    where
        t1_0.tno=?
Hibernate: 
    insert 
    into
        tbl_tour_date
        (available_capacity, tour_no, tour_date) 
    values
        (?, ?, ?)
Hibernate: 
    select
        t1_0.tno,
        t1_0.category_no,
        t1_0.create_at,
        t1_0.del_flag,
        t1_0.like_count,
        t1_0.max_capacity,
        t1_0.taddress,
        t1_0.tdesc,
        t1_0.tlocation,
        t1_0.tname,
        til1_0.tour_tno,
        til1_0.category_name,
        til1_0.file_name,
        til1_0.ord,
        t1_0.tprice,
        t1_0.update_at 
    from
        tbl_tours t1_0 
    left join
        tour_tour_image_list til1_0 
            on t1_0.tno=til1_0.tour_tno 
    where
        t1_0.tno=?
Hibernate: 
    insert 
    into
        tbl_tour_date
        (available_capacity, tour_no, tour_date) 
    values
        (?, ?, ?)
Hibernate: 
    select
        t1_0.tno,
        t1_0.category_no,
        t1_0.create_at,
        t1_0.del_flag,
        t1_0.like_count,
        t1_0.max_capacity,
        t1_0.taddress,
        t1_0.tdesc,
        t1_0.tlocation,
        t1_0.tname,
        til1_0.tour_tno,
        til1_0.category_name,
        til1_0.file_name,
        til1_0.ord,
        t1_0.tprice,
        t1_0.update_at 
    from
        tbl_tours t1_0 
    left join
        tour_tour_image_list til1_0 
            on t1_0.tno=til1_0.tour_tno 
    where
        t1_0.tno=?
Hibernate: 
    insert 
    into
        tbl_tour_date
        (available_capacity, tour_no, tour_date) 
    values
        (?, ?, ?)
Hibernate: 
    select
        t1_0.tno,
        t1_0.category_no,
        t1_0.create_at,
        t1_0.del_flag,
        t1_0.like_count,
        t1_0.max_capacity,
        t1_0.taddress,
        t1_0.tdesc,
        t1_0.tlocation,
        t1_0.tname,
        til1_0.tour_tno,
        til1_0.category_name,
        til1_0.file_name,
        til1_0.ord,
        t1_0.tprice,
        t1_0.update_at 
    from
        tbl_tours t1_0 
    left join
        tour_tour_image_list til1_0 
            on t1_0.tno=til1_0.tour_tno 
    where
        t1_0.tno=?
Hibernate: 
    insert 
    into
        tbl_tour_date
        (available_capacity, tour_no, tour_date) 
    values
        (?, ?, ?)
]]></system-out>
  <system-err><![CDATA[]]></system-err>
</testsuite>
